running egg_info
creating ../build/py_pubsub_cs/py_pubsub_cs.egg-info
writing ../build/py_pubsub_cs/py_pubsub_cs.egg-info/PKG-INFO
writing dependency_links to ../build/py_pubsub_cs/py_pubsub_cs.egg-info/dependency_links.txt
writing entry points to ../build/py_pubsub_cs/py_pubsub_cs.egg-info/entry_points.txt
writing requirements to ../build/py_pubsub_cs/py_pubsub_cs.egg-info/requires.txt
writing top-level names to ../build/py_pubsub_cs/py_pubsub_cs.egg-info/top_level.txt
writing manifest file '../build/py_pubsub_cs/py_pubsub_cs.egg-info/SOURCES.txt'
reading manifest file '../build/py_pubsub_cs/py_pubsub_cs.egg-info/SOURCES.txt'
writing manifest file '../build/py_pubsub_cs/py_pubsub_cs.egg-info/SOURCES.txt'
running build
running build_py
creating /home/lavnir/PhD/git/ColaborativeMPC-/ROS2/ros2_ws/src/build/py_pubsub_cs/build
creating /home/lavnir/PhD/git/ColaborativeMPC-/ROS2/ros2_ws/src/build/py_pubsub_cs/build/lib
creating /home/lavnir/PhD/git/ColaborativeMPC-/ROS2/ros2_ws/src/build/py_pubsub_cs/build/lib/py_pubsub_cs
copying py_pubsub_cs/subscriber.py -> /home/lavnir/PhD/git/ColaborativeMPC-/ROS2/ros2_ws/src/build/py_pubsub_cs/build/lib/py_pubsub_cs
copying py_pubsub_cs/__init__.py -> /home/lavnir/PhD/git/ColaborativeMPC-/ROS2/ros2_ws/src/build/py_pubsub_cs/build/lib/py_pubsub_cs
copying py_pubsub_cs/publisher.py -> /home/lavnir/PhD/git/ColaborativeMPC-/ROS2/ros2_ws/src/build/py_pubsub_cs/build/lib/py_pubsub_cs
running install
running install_lib
/usr/lib/python3/dist-packages/setuptools/command/install.py:34: SetuptoolsDeprecationWarning: setup.py install is deprecated. Use build and pip and other standards-based tools.
  warnings.warn(
creating /home/lavnir/PhD/git/ColaborativeMPC-/ROS2/ros2_ws/src/install/py_pubsub_cs/lib/python3.10/site-packages/py_pubsub_cs
copying /home/lavnir/PhD/git/ColaborativeMPC-/ROS2/ros2_ws/src/build/py_pubsub_cs/build/lib/py_pubsub_cs/subscriber.py -> /home/lavnir/PhD/git/ColaborativeMPC-/ROS2/ros2_ws/src/install/py_pubsub_cs/lib/python3.10/site-packages/py_pubsub_cs
copying /home/lavnir/PhD/git/ColaborativeMPC-/ROS2/ros2_ws/src/build/py_pubsub_cs/build/lib/py_pubsub_cs/__init__.py -> /home/lavnir/PhD/git/ColaborativeMPC-/ROS2/ros2_ws/src/install/py_pubsub_cs/lib/python3.10/site-packages/py_pubsub_cs
copying /home/lavnir/PhD/git/ColaborativeMPC-/ROS2/ros2_ws/src/build/py_pubsub_cs/build/lib/py_pubsub_cs/publisher.py -> /home/lavnir/PhD/git/ColaborativeMPC-/ROS2/ros2_ws/src/install/py_pubsub_cs/lib/python3.10/site-packages/py_pubsub_cs
byte-compiling /home/lavnir/PhD/git/ColaborativeMPC-/ROS2/ros2_ws/src/install/py_pubsub_cs/lib/python3.10/site-packages/py_pubsub_cs/subscriber.py to subscriber.cpython-310.pyc
byte-compiling /home/lavnir/PhD/git/ColaborativeMPC-/ROS2/ros2_ws/src/install/py_pubsub_cs/lib/python3.10/site-packages/py_pubsub_cs/__init__.py to __init__.cpython-310.pyc
byte-compiling /home/lavnir/PhD/git/ColaborativeMPC-/ROS2/ros2_ws/src/install/py_pubsub_cs/lib/python3.10/site-packages/py_pubsub_cs/publisher.py to publisher.cpython-310.pyc
running install_data
creating /home/lavnir/PhD/git/ColaborativeMPC-/ROS2/ros2_ws/src/install/py_pubsub_cs/share/ament_index
creating /home/lavnir/PhD/git/ColaborativeMPC-/ROS2/ros2_ws/src/install/py_pubsub_cs/share/ament_index/resource_index
creating /home/lavnir/PhD/git/ColaborativeMPC-/ROS2/ros2_ws/src/install/py_pubsub_cs/share/ament_index/resource_index/packages
copying resource/py_pubsub_cs -> /home/lavnir/PhD/git/ColaborativeMPC-/ROS2/ros2_ws/src/install/py_pubsub_cs/share/ament_index/resource_index/packages
copying package.xml -> /home/lavnir/PhD/git/ColaborativeMPC-/ROS2/ros2_ws/src/install/py_pubsub_cs/share/py_pubsub_cs
running install_egg_info
Copying ../build/py_pubsub_cs/py_pubsub_cs.egg-info to /home/lavnir/PhD/git/ColaborativeMPC-/ROS2/ros2_ws/src/install/py_pubsub_cs/lib/python3.10/site-packages/py_pubsub_cs-0.0.0-py3.10.egg-info
running install_scripts
Installing listener script to /home/lavnir/PhD/git/ColaborativeMPC-/ROS2/ros2_ws/src/install/py_pubsub_cs/lib/py_pubsub_cs
Installing talker script to /home/lavnir/PhD/git/ColaborativeMPC-/ROS2/ros2_ws/src/install/py_pubsub_cs/lib/py_pubsub_cs
writing list of installed files to '/home/lavnir/PhD/git/ColaborativeMPC-/ROS2/ros2_ws/src/build/py_pubsub_cs/install.log'
