[0.334s] Invoking command in '/home/lavnir/PhD/git/ColaborativeMPC-/ROS2/ros2_ws/src/py_pubsub_cs': PYTHONPATH=/home/lavnir/PhD/git/ColaborativeMPC-/ROS2/ros2_ws/src/build/py_pubsub_cs/prefix_override:/home/lavnir/PhD/git/ColaborativeMPC-/ROS2/ros2_ws/src/install/py_pubsub_cs/lib/python3.10/site-packages:${PYTHONPATH} /usr/bin/python3 setup.py egg_info --egg-base ../build/py_pubsub_cs build --build-base /home/lavnir/PhD/git/ColaborativeMPC-/ROS2/ros2_ws/src/build/py_pubsub_cs/build install --record /home/lavnir/PhD/git/ColaborativeMPC-/ROS2/ros2_ws/src/build/py_pubsub_cs/install.log --single-version-externally-managed
[0.465s] running egg_info
[0.465s] creating ../build/py_pubsub_cs/py_pubsub_cs.egg-info
[0.465s] writing ../build/py_pubsub_cs/py_pubsub_cs.egg-info/PKG-INFO
[0.466s] writing dependency_links to ../build/py_pubsub_cs/py_pubsub_cs.egg-info/dependency_links.txt
[0.466s] writing entry points to ../build/py_pubsub_cs/py_pubsub_cs.egg-info/entry_points.txt
[0.466s] writing requirements to ../build/py_pubsub_cs/py_pubsub_cs.egg-info/requires.txt
[0.466s] writing top-level names to ../build/py_pubsub_cs/py_pubsub_cs.egg-info/top_level.txt
[0.466s] writing manifest file '../build/py_pubsub_cs/py_pubsub_cs.egg-info/SOURCES.txt'
[0.467s] reading manifest file '../build/py_pubsub_cs/py_pubsub_cs.egg-info/SOURCES.txt'
[0.467s] writing manifest file '../build/py_pubsub_cs/py_pubsub_cs.egg-info/SOURCES.txt'
[0.467s] running build
[0.467s] running build_py
[0.467s] creating /home/lavnir/PhD/git/ColaborativeMPC-/ROS2/ros2_ws/src/build/py_pubsub_cs/build
[0.467s] creating /home/lavnir/PhD/git/ColaborativeMPC-/ROS2/ros2_ws/src/build/py_pubsub_cs/build/lib
[0.467s] creating /home/lavnir/PhD/git/ColaborativeMPC-/ROS2/ros2_ws/src/build/py_pubsub_cs/build/lib/py_pubsub_cs
[0.467s] copying py_pubsub_cs/subscriber.py -> /home/lavnir/PhD/git/ColaborativeMPC-/ROS2/ros2_ws/src/build/py_pubsub_cs/build/lib/py_pubsub_cs
[0.467s] copying py_pubsub_cs/__init__.py -> /home/lavnir/PhD/git/ColaborativeMPC-/ROS2/ros2_ws/src/build/py_pubsub_cs/build/lib/py_pubsub_cs
[0.467s] copying py_pubsub_cs/publisher.py -> /home/lavnir/PhD/git/ColaborativeMPC-/ROS2/ros2_ws/src/build/py_pubsub_cs/build/lib/py_pubsub_cs
[0.467s] running install
[0.467s] running install_lib
[0.468s] /usr/lib/python3/dist-packages/setuptools/command/install.py:34: SetuptoolsDeprecationWarning: setup.py install is deprecated. Use build and pip and other standards-based tools.
[0.468s]   warnings.warn(
[0.468s] creating /home/lavnir/PhD/git/ColaborativeMPC-/ROS2/ros2_ws/src/install/py_pubsub_cs/lib/python3.10/site-packages/py_pubsub_cs
[0.468s] copying /home/lavnir/PhD/git/ColaborativeMPC-/ROS2/ros2_ws/src/build/py_pubsub_cs/build/lib/py_pubsub_cs/subscriber.py -> /home/lavnir/PhD/git/ColaborativeMPC-/ROS2/ros2_ws/src/install/py_pubsub_cs/lib/python3.10/site-packages/py_pubsub_cs
[0.468s] copying /home/lavnir/PhD/git/ColaborativeMPC-/ROS2/ros2_ws/src/build/py_pubsub_cs/build/lib/py_pubsub_cs/__init__.py -> /home/lavnir/PhD/git/ColaborativeMPC-/ROS2/ros2_ws/src/install/py_pubsub_cs/lib/python3.10/site-packages/py_pubsub_cs
[0.468s] copying /home/lavnir/PhD/git/ColaborativeMPC-/ROS2/ros2_ws/src/build/py_pubsub_cs/build/lib/py_pubsub_cs/publisher.py -> /home/lavnir/PhD/git/ColaborativeMPC-/ROS2/ros2_ws/src/install/py_pubsub_cs/lib/python3.10/site-packages/py_pubsub_cs
[0.468s] byte-compiling /home/lavnir/PhD/git/ColaborativeMPC-/ROS2/ros2_ws/src/install/py_pubsub_cs/lib/python3.10/site-packages/py_pubsub_cs/subscriber.py to subscriber.cpython-310.pyc
[0.468s] byte-compiling /home/lavnir/PhD/git/ColaborativeMPC-/ROS2/ros2_ws/src/install/py_pubsub_cs/lib/python3.10/site-packages/py_pubsub_cs/__init__.py to __init__.cpython-310.pyc
[0.469s] byte-compiling /home/lavnir/PhD/git/ColaborativeMPC-/ROS2/ros2_ws/src/install/py_pubsub_cs/lib/python3.10/site-packages/py_pubsub_cs/publisher.py to publisher.cpython-310.pyc
[0.469s] running install_data
[0.469s] creating /home/lavnir/PhD/git/ColaborativeMPC-/ROS2/ros2_ws/src/install/py_pubsub_cs/share/ament_index
[0.469s] creating /home/lavnir/PhD/git/ColaborativeMPC-/ROS2/ros2_ws/src/install/py_pubsub_cs/share/ament_index/resource_index
[0.469s] creating /home/lavnir/PhD/git/ColaborativeMPC-/ROS2/ros2_ws/src/install/py_pubsub_cs/share/ament_index/resource_index/packages
[0.469s] copying resource/py_pubsub_cs -> /home/lavnir/PhD/git/ColaborativeMPC-/ROS2/ros2_ws/src/install/py_pubsub_cs/share/ament_index/resource_index/packages
[0.469s] copying package.xml -> /home/lavnir/PhD/git/ColaborativeMPC-/ROS2/ros2_ws/src/install/py_pubsub_cs/share/py_pubsub_cs
[0.469s] running install_egg_info
[0.470s] Copying ../build/py_pubsub_cs/py_pubsub_cs.egg-info to /home/lavnir/PhD/git/ColaborativeMPC-/ROS2/ros2_ws/src/install/py_pubsub_cs/lib/python3.10/site-packages/py_pubsub_cs-0.0.0-py3.10.egg-info
[0.471s] running install_scripts
[0.483s] Installing listener script to /home/lavnir/PhD/git/ColaborativeMPC-/ROS2/ros2_ws/src/install/py_pubsub_cs/lib/py_pubsub_cs
[0.484s] Installing talker script to /home/lavnir/PhD/git/ColaborativeMPC-/ROS2/ros2_ws/src/install/py_pubsub_cs/lib/py_pubsub_cs
[0.484s] writing list of installed files to '/home/lavnir/PhD/git/ColaborativeMPC-/ROS2/ros2_ws/src/build/py_pubsub_cs/install.log'
[0.498s] Invoked command in '/home/lavnir/PhD/git/ColaborativeMPC-/ROS2/ros2_ws/src/py_pubsub_cs' returned '0': PYTHONPATH=/home/lavnir/PhD/git/ColaborativeMPC-/ROS2/ros2_ws/src/build/py_pubsub_cs/prefix_override:/home/lavnir/PhD/git/ColaborativeMPC-/ROS2/ros2_ws/src/install/py_pubsub_cs/lib/python3.10/site-packages:${PYTHONPATH} /usr/bin/python3 setup.py egg_info --egg-base ../build/py_pubsub_cs build --build-base /home/lavnir/PhD/git/ColaborativeMPC-/ROS2/ros2_ws/src/build/py_pubsub_cs/build install --record /home/lavnir/PhD/git/ColaborativeMPC-/ROS2/ros2_ws/src/build/py_pubsub_cs/install.log --single-version-externally-managed
