[0.016s] Invoking command in '/home/lavnir/PhD/git/ColaborativeMPC-/ROS2/ros2_ws/build/tutorial_interfaces': CMAKE_PREFIX_PATH=${CMAKE_PREFIX_PATH}:/home/lavnir/PhD/git/ColaborativeMPC-/ROS2/ros2_ws/install/py_pubsub_cs:/home/lavnir/PhD/git/ColaborativeMPC-/ROS2/ros2_ws/install/py_pubsub:/home/lavnir/PhD/git/ColaborativeMPC-/ROS2/ros2_ws/install/planner_experiments:/opt/ros/humble /usr/bin/cmake /home/lavnir/PhD/git/ColaborativeMPC-/ROS2/ros2_ws/src/tutorial_interfaces -DCMAKE_INSTALL_PREFIX=/home/lavnir/PhD/git/ColaborativeMPC-/ROS2/ros2_ws/install/tutorial_interfaces
[0.161s] -- The C compiler identification is GNU 11.4.0
[0.161s] -- The CXX compiler identification is GNU 11.4.0
[0.161s] -- Detecting C compiler ABI info
[0.161s] -- Detecting C compiler ABI info - done
[0.161s] -- Check for working C compiler: /usr/bin/cc - skipped
[0.161s] -- Detecting C compile features
[0.161s] -- Detecting C compile features - done
[0.162s] -- Detecting CXX compiler ABI info
[0.186s] -- Detecting CXX compiler ABI info - done
[0.192s] -- Check for working CXX compiler: /usr/bin/c++ - skipped
[0.192s] -- Detecting CXX compile features
[0.193s] -- Detecting CXX compile features - done
[0.194s] -- Found ament_cmake: 1.3.5 (/opt/ros/humble/share/ament_cmake/cmake)
[0.304s] -- Found Python3: /usr/bin/python3.10 (found version "3.10.12") found components: Interpreter 
[0.357s] -- Found ament_lint_auto: 0.12.7 (/opt/ros/humble/share/ament_lint_auto/cmake)
[0.404s] -- Found geometry_msgs: 4.2.3 (/opt/ros/humble/share/geometry_msgs/cmake)
[0.425s] -- Found rosidl_generator_c: 3.1.5 (/opt/ros/humble/share/rosidl_generator_c/cmake)
[0.428s] -- Found rosidl_adapter: 3.1.5 (/opt/ros/humble/share/rosidl_adapter/cmake)
[0.433s] -- Found rosidl_generator_cpp: 3.1.5 (/opt/ros/humble/share/rosidl_generator_cpp/cmake)
[0.441s] -- Using all available rosidl_typesupport_c: rosidl_typesupport_fastrtps_c;rosidl_typesupport_introspection_c
[0.453s] -- Using all available rosidl_typesupport_cpp: rosidl_typesupport_fastrtps_cpp;rosidl_typesupport_introspection_cpp
[0.532s] -- Found rosidl_default_generators: 1.2.0 (/opt/ros/humble/share/rosidl_default_generators/cmake)
[0.678s] -- Found ament_cmake_ros: 0.10.0 (/opt/ros/humble/share/ament_cmake_ros/cmake)
[0.974s] -- Using all available rosidl_typesupport_c: rosidl_typesupport_fastrtps_c;rosidl_typesupport_introspection_c
[1.083s] -- Using all available rosidl_typesupport_cpp: rosidl_typesupport_fastrtps_cpp;rosidl_typesupport_introspection_cpp
[1.102s] -- Found PythonInterp: /usr/local/bin/python3.6 (found suitable version "3.6.15", minimum required is "3.6") 
[1.102s] -- Found python_cmake_module: 0.10.0 (/opt/ros/humble/share/python_cmake_module/cmake)
[1.129s] -- Found PythonLibs: /usr/lib/x86_64-linux-gnu/libpython3.10.so (found suitable version "3.10.12", minimum required is "3.5") 
[1.129s] -- Using PYTHON_EXECUTABLE: /usr/local/bin/python3.6
[1.129s] -- Using PYTHON_INCLUDE_DIRS: /usr/include/python3.10
[1.129s] -- Using PYTHON_LIBRARIES: /usr/lib/x86_64-linux-gnu/libpython3.10.so
[1.150s] -- Found PythonExtra: .so  
[1.188s] -- Added test 'lint_cmake' to check CMake code style
[1.189s] -- Added test 'xmllint' to check XML markup files
[1.191s] -- Configuring done
[1.212s] -- Generating done
[1.213s] -- Build files have been written to: /home/lavnir/PhD/git/ColaborativeMPC-/ROS2/ros2_ws/build/tutorial_interfaces
[1.218s] Invoked command in '/home/lavnir/PhD/git/ColaborativeMPC-/ROS2/ros2_ws/build/tutorial_interfaces' returned '0': CMAKE_PREFIX_PATH=${CMAKE_PREFIX_PATH}:/home/lavnir/PhD/git/ColaborativeMPC-/ROS2/ros2_ws/install/py_pubsub_cs:/home/lavnir/PhD/git/ColaborativeMPC-/ROS2/ros2_ws/install/py_pubsub:/home/lavnir/PhD/git/ColaborativeMPC-/ROS2/ros2_ws/install/planner_experiments:/opt/ros/humble /usr/bin/cmake /home/lavnir/PhD/git/ColaborativeMPC-/ROS2/ros2_ws/src/tutorial_interfaces -DCMAKE_INSTALL_PREFIX=/home/lavnir/PhD/git/ColaborativeMPC-/ROS2/ros2_ws/install/tutorial_interfaces
[1.220s] Invoking command in '/home/lavnir/PhD/git/ColaborativeMPC-/ROS2/ros2_ws/build/tutorial_interfaces': CMAKE_PREFIX_PATH=${CMAKE_PREFIX_PATH}:/home/lavnir/PhD/git/ColaborativeMPC-/ROS2/ros2_ws/install/py_pubsub_cs:/home/lavnir/PhD/git/ColaborativeMPC-/ROS2/ros2_ws/install/py_pubsub:/home/lavnir/PhD/git/ColaborativeMPC-/ROS2/ros2_ws/install/planner_experiments:/opt/ros/humble /usr/bin/cmake --build /home/lavnir/PhD/git/ColaborativeMPC-/ROS2/ros2_ws/build/tutorial_interfaces -- -j20 -l20
[1.246s] [  2%] [34m[1mGenerating C code for ROS interfaces[0m
[1.251s] [  5%] [34m[1mGenerating C++ code for ROS interfaces[0m
[1.258s] [  5%] Built target ament_cmake_python_copy_tutorial_interfaces
[1.394s] running egg_info
[1.395s] creating tutorial_interfaces.egg-info
[1.395s] writing tutorial_interfaces.egg-info/PKG-INFO
[1.395s] writing dependency_links to tutorial_interfaces.egg-info/dependency_links.txt
[1.395s] writing top-level names to tutorial_interfaces.egg-info/top_level.txt
[1.395s] writing manifest file 'tutorial_interfaces.egg-info/SOURCES.txt'
[1.396s] reading manifest file 'tutorial_interfaces.egg-info/SOURCES.txt'
[1.396s] writing manifest file 'tutorial_interfaces.egg-info/SOURCES.txt'
[1.413s] [  5%] Built target ament_cmake_python_build_tutorial_interfaces_egg
[1.418s] [  5%] Built target tutorial_interfaces__cpp
[1.424s] [  7%] [32mBuilding C object CMakeFiles/tutorial_interfaces__rosidl_generator_c.dir/rosidl_generator_c/tutorial_interfaces/msg/detail/num__functions.c.o[0m
[1.424s] [ 10%] [34m[1mGenerating C++ type support dispatch for ROS interfaces[0m
[1.424s] [ 12%] [32mBuilding C object CMakeFiles/tutorial_interfaces__rosidl_generator_c.dir/rosidl_generator_c/tutorial_interfaces/msg/detail/sphere__functions.c.o[0m
[1.424s] [ 15%] [34m[1mGenerating C++ type support for eProsima Fast-RTPS[0m
[1.425s] [ 17%] [34m[1mGenerating C++ introspection for ROS interfaces[0m
[1.452s] [ 20%] [32m[1mLinking C shared library libtutorial_interfaces__rosidl_generator_c.so[0m
[1.475s] [ 20%] Built target tutorial_interfaces__rosidl_generator_c
[1.482s] [ 25%] [34m[1mGenerating C introspection for ROS interfaces[0m
[1.482s] [ 28%] [34m[1mGenerating C type support for eProsima Fast-RTPS[0m
[1.482s] [ 25%] [34m[1mGenerating C type support dispatch for ROS interfaces[0m
[1.571s] [ 33%] [32mBuilding CXX object CMakeFiles/tutorial_interfaces__rosidl_typesupport_cpp.dir/rosidl_typesupport_cpp/tutorial_interfaces/msg/sphere__type_support.cpp.o[0m
[1.572s] [ 33%] [32mBuilding CXX object CMakeFiles/tutorial_interfaces__rosidl_typesupport_cpp.dir/rosidl_typesupport_cpp/tutorial_interfaces/msg/num__type_support.cpp.o[0m
[1.582s] [ 35%] [32mBuilding CXX object CMakeFiles/tutorial_interfaces__rosidl_typesupport_introspection_cpp.dir/rosidl_typesupport_introspection_cpp/tutorial_interfaces/msg/detail/num__type_support.cpp.o[0m
[1.582s] [ 38%] [32mBuilding CXX object CMakeFiles/tutorial_interfaces__rosidl_typesupport_introspection_cpp.dir/rosidl_typesupport_introspection_cpp/tutorial_interfaces/msg/detail/sphere__type_support.cpp.o[0m
[1.593s] [ 41%] [32mBuilding CXX object CMakeFiles/tutorial_interfaces__rosidl_typesupport_fastrtps_cpp.dir/rosidl_typesupport_fastrtps_cpp/tutorial_interfaces/msg/detail/dds_fastrtps/num__type_support.cpp.o[0m
[1.595s] [ 43%] [32mBuilding CXX object CMakeFiles/tutorial_interfaces__rosidl_typesupport_fastrtps_cpp.dir/rosidl_typesupport_fastrtps_cpp/tutorial_interfaces/msg/detail/dds_fastrtps/sphere__type_support.cpp.o[0m
[1.631s] [ 46%] [32mBuilding CXX object CMakeFiles/tutorial_interfaces__rosidl_typesupport_c.dir/rosidl_typesupport_c/tutorial_interfaces/msg/sphere__type_support.cpp.o[0m
[1.633s] [ 48%] [32mBuilding CXX object CMakeFiles/tutorial_interfaces__rosidl_typesupport_c.dir/rosidl_typesupport_c/tutorial_interfaces/msg/num__type_support.cpp.o[0m
[1.643s] [ 51%] [32mBuilding C object CMakeFiles/tutorial_interfaces__rosidl_typesupport_introspection_c.dir/rosidl_typesupport_introspection_c/tutorial_interfaces/msg/detail/num__type_support.c.o[0m
[1.646s] [ 53%] [32mBuilding C object CMakeFiles/tutorial_interfaces__rosidl_typesupport_introspection_c.dir/rosidl_typesupport_introspection_c/tutorial_interfaces/msg/detail/sphere__type_support.c.o[0m
[1.651s] [ 56%] [32mBuilding CXX object CMakeFiles/tutorial_interfaces__rosidl_typesupport_fastrtps_c.dir/rosidl_typesupport_fastrtps_c/tutorial_interfaces/msg/detail/num__type_support_c.cpp.o[0m
[1.652s] [ 58%] [32m[1mLinking CXX shared library libtutorial_interfaces__rosidl_typesupport_c.so[0m
[1.653s] [ 61%] [32mBuilding CXX object CMakeFiles/tutorial_interfaces__rosidl_typesupport_fastrtps_c.dir/rosidl_typesupport_fastrtps_c/tutorial_interfaces/msg/detail/sphere__type_support_c.cpp.o[0m
[1.677s] [ 64%] [32m[1mLinking C shared library libtutorial_interfaces__rosidl_typesupport_introspection_c.so[0m
[1.680s] [ 64%] Built target tutorial_interfaces__rosidl_typesupport_c
[1.701s] [ 64%] Built target tutorial_interfaces__rosidl_typesupport_introspection_c
[1.728s] [ 66%] [32m[1mLinking CXX shared library libtutorial_interfaces__rosidl_typesupport_cpp.so[0m
[1.753s] [ 66%] Built target tutorial_interfaces__rosidl_typesupport_cpp
[1.856s] [ 69%] [32m[1mLinking CXX shared library libtutorial_interfaces__rosidl_typesupport_introspection_cpp.so[0m
[1.857s] [ 71%] [32m[1mLinking CXX shared library libtutorial_interfaces__rosidl_typesupport_fastrtps_cpp.so[0m
[1.877s] [ 74%] [32m[1mLinking CXX shared library libtutorial_interfaces__rosidl_typesupport_fastrtps_c.so[0m
[1.896s] [ 74%] Built target tutorial_interfaces__rosidl_typesupport_introspection_cpp
[1.903s] [ 74%] Built target tutorial_interfaces__rosidl_typesupport_fastrtps_cpp
[1.924s] [ 74%] Built target tutorial_interfaces__rosidl_typesupport_fastrtps_c
[1.938s] [ 74%] Built target tutorial_interfaces
[1.962s] [ 76%] [34m[1mGenerating Python code for ROS interfaces[0m
[2.548s] [ 76%] Built target tutorial_interfaces__py
[2.560s] [ 79%] [32mBuilding C object CMakeFiles/tutorial_interfaces__rosidl_generator_py.dir/rosidl_generator_py/tutorial_interfaces/msg/_num_s.c.o[0m
[2.560s] [ 82%] [32mBuilding C object CMakeFiles/tutorial_interfaces__rosidl_generator_py.dir/rosidl_generator_py/tutorial_interfaces/msg/_sphere_s.c.o[0m
[2.621s] [ 84%] [32m[1mLinking C shared library rosidl_generator_py/tutorial_interfaces/libtutorial_interfaces__rosidl_generator_py.so[0m
[2.651s] [ 84%] Built target tutorial_interfaces__rosidl_generator_py
[2.667s] [ 87%] [32mBuilding C object CMakeFiles/tutorial_interfaces__rosidl_typesupport_fastrtps_c__pyext.dir/rosidl_generator_py/tutorial_interfaces/_tutorial_interfaces_s.ep.rosidl_typesupport_fastrtps_c.c.o[0m
[2.667s] [ 92%] [32mBuilding C object CMakeFiles/tutorial_interfaces__rosidl_typesupport_introspection_c__pyext.dir/rosidl_generator_py/tutorial_interfaces/_tutorial_interfaces_s.ep.rosidl_typesupport_introspection_c.c.o[0m
[2.667s] [ 92%] [32mBuilding C object CMakeFiles/tutorial_interfaces__rosidl_typesupport_c__pyext.dir/rosidl_generator_py/tutorial_interfaces/_tutorial_interfaces_s.ep.rosidl_typesupport_c.c.o[0m
[2.725s] [100%] [32m[1mLinking C shared library rosidl_generator_py/tutorial_interfaces/tutorial_interfaces_s__rosidl_typesupport_c.cpython-36dm-x86_64-linux-gnu.so[0m
[2.725s] [100%] [32m[1mLinking C shared library rosidl_generator_py/tutorial_interfaces/tutorial_interfaces_s__rosidl_typesupport_introspection_c.cpython-36dm-x86_64-linux-gnu.so[0m
[2.725s] [100%] [32m[1mLinking C shared library rosidl_generator_py/tutorial_interfaces/tutorial_interfaces_s__rosidl_typesupport_fastrtps_c.cpython-36dm-x86_64-linux-gnu.so[0m
[2.748s] [100%] Built target tutorial_interfaces__rosidl_typesupport_introspection_c__pyext
[2.748s] [100%] Built target tutorial_interfaces__rosidl_typesupport_c__pyext
[2.748s] [100%] Built target tutorial_interfaces__rosidl_typesupport_fastrtps_c__pyext
[2.756s] Invoked command in '/home/lavnir/PhD/git/ColaborativeMPC-/ROS2/ros2_ws/build/tutorial_interfaces' returned '0': CMAKE_PREFIX_PATH=${CMAKE_PREFIX_PATH}:/home/lavnir/PhD/git/ColaborativeMPC-/ROS2/ros2_ws/install/py_pubsub_cs:/home/lavnir/PhD/git/ColaborativeMPC-/ROS2/ros2_ws/install/py_pubsub:/home/lavnir/PhD/git/ColaborativeMPC-/ROS2/ros2_ws/install/planner_experiments:/opt/ros/humble /usr/bin/cmake --build /home/lavnir/PhD/git/ColaborativeMPC-/ROS2/ros2_ws/build/tutorial_interfaces -- -j20 -l20
[2.835s] Invoking command in '/home/lavnir/PhD/git/ColaborativeMPC-/ROS2/ros2_ws/build/tutorial_interfaces': CMAKE_PREFIX_PATH=${CMAKE_PREFIX_PATH}:/home/lavnir/PhD/git/ColaborativeMPC-/ROS2/ros2_ws/install/py_pubsub_cs:/home/lavnir/PhD/git/ColaborativeMPC-/ROS2/ros2_ws/install/py_pubsub:/home/lavnir/PhD/git/ColaborativeMPC-/ROS2/ros2_ws/install/planner_experiments:/opt/ros/humble /usr/bin/cmake --install /home/lavnir/PhD/git/ColaborativeMPC-/ROS2/ros2_ws/build/tutorial_interfaces
[2.843s] -- Install configuration: ""
[2.844s] -- Installing: /home/lavnir/PhD/git/ColaborativeMPC-/ROS2/ros2_ws/install/tutorial_interfaces/share/ament_index/resource_index/rosidl_interfaces/tutorial_interfaces
[2.844s] -- Installing: /home/lavnir/PhD/git/ColaborativeMPC-/ROS2/ros2_ws/install/tutorial_interfaces/include/tutorial_interfaces/tutorial_interfaces
[2.844s] -- Installing: /home/lavnir/PhD/git/ColaborativeMPC-/ROS2/ros2_ws/install/tutorial_interfaces/include/tutorial_interfaces/tutorial_interfaces/msg
[2.844s] -- Installing: /home/lavnir/PhD/git/ColaborativeMPC-/ROS2/ros2_ws/install/tutorial_interfaces/include/tutorial_interfaces/tutorial_interfaces/msg/detail
[2.844s] -- Installing: /home/lavnir/PhD/git/ColaborativeMPC-/ROS2/ros2_ws/install/tutorial_interfaces/include/tutorial_interfaces/tutorial_interfaces/msg/detail/num__type_support.h
[2.844s] -- Installing: /home/lavnir/PhD/git/ColaborativeMPC-/ROS2/ros2_ws/install/tutorial_interfaces/include/tutorial_interfaces/tutorial_interfaces/msg/detail/num__struct.h
[2.844s] -- Installing: /home/lavnir/PhD/git/ColaborativeMPC-/ROS2/ros2_ws/install/tutorial_interfaces/include/tutorial_interfaces/tutorial_interfaces/msg/detail/sphere__struct.h
[2.844s] -- Installing: /home/lavnir/PhD/git/ColaborativeMPC-/ROS2/ros2_ws/install/tutorial_interfaces/include/tutorial_interfaces/tutorial_interfaces/msg/detail/sphere__type_support.h
[2.845s] -- Installing: /home/lavnir/PhD/git/ColaborativeMPC-/ROS2/ros2_ws/install/tutorial_interfaces/include/tutorial_interfaces/tutorial_interfaces/msg/detail/num__functions.h
[2.845s] -- Installing: /home/lavnir/PhD/git/ColaborativeMPC-/ROS2/ros2_ws/install/tutorial_interfaces/include/tutorial_interfaces/tutorial_interfaces/msg/detail/sphere__functions.h
[2.845s] -- Installing: /home/lavnir/PhD/git/ColaborativeMPC-/ROS2/ros2_ws/install/tutorial_interfaces/include/tutorial_interfaces/tutorial_interfaces/msg/detail/sphere__functions.c
[2.845s] -- Installing: /home/lavnir/PhD/git/ColaborativeMPC-/ROS2/ros2_ws/install/tutorial_interfaces/include/tutorial_interfaces/tutorial_interfaces/msg/detail/num__functions.c
[2.845s] -- Installing: /home/lavnir/PhD/git/ColaborativeMPC-/ROS2/ros2_ws/install/tutorial_interfaces/include/tutorial_interfaces/tutorial_interfaces/msg/sphere.h
[2.845s] -- Installing: /home/lavnir/PhD/git/ColaborativeMPC-/ROS2/ros2_ws/install/tutorial_interfaces/include/tutorial_interfaces/tutorial_interfaces/msg/rosidl_generator_c__visibility_control.h
[2.845s] -- Installing: /home/lavnir/PhD/git/ColaborativeMPC-/ROS2/ros2_ws/install/tutorial_interfaces/include/tutorial_interfaces/tutorial_interfaces/msg/num.h
[2.845s] -- Installing: /home/lavnir/PhD/git/ColaborativeMPC-/ROS2/ros2_ws/install/tutorial_interfaces/share/tutorial_interfaces/environment/library_path.sh
[2.845s] -- Installing: /home/lavnir/PhD/git/ColaborativeMPC-/ROS2/ros2_ws/install/tutorial_interfaces/share/tutorial_interfaces/environment/library_path.dsv
[2.845s] -- Installing: /home/lavnir/PhD/git/ColaborativeMPC-/ROS2/ros2_ws/install/tutorial_interfaces/lib/libtutorial_interfaces__rosidl_generator_c.so
[2.845s] -- Set runtime path of "/home/lavnir/PhD/git/ColaborativeMPC-/ROS2/ros2_ws/install/tutorial_interfaces/lib/libtutorial_interfaces__rosidl_generator_c.so" to ""
[2.845s] -- Up-to-date: /home/lavnir/PhD/git/ColaborativeMPC-/ROS2/ros2_ws/install/tutorial_interfaces/include/tutorial_interfaces/tutorial_interfaces
[2.845s] -- Up-to-date: /home/lavnir/PhD/git/ColaborativeMPC-/ROS2/ros2_ws/install/tutorial_interfaces/include/tutorial_interfaces/tutorial_interfaces/msg
[2.845s] -- Up-to-date: /home/lavnir/PhD/git/ColaborativeMPC-/ROS2/ros2_ws/install/tutorial_interfaces/include/tutorial_interfaces/tutorial_interfaces/msg/detail
[2.846s] -- Installing: /home/lavnir/PhD/git/ColaborativeMPC-/ROS2/ros2_ws/install/tutorial_interfaces/include/tutorial_interfaces/tutorial_interfaces/msg/detail/num__rosidl_typesupport_fastrtps_c.h
[2.846s] -- Installing: /home/lavnir/PhD/git/ColaborativeMPC-/ROS2/ros2_ws/install/tutorial_interfaces/include/tutorial_interfaces/tutorial_interfaces/msg/detail/sphere__rosidl_typesupport_fastrtps_c.h
[2.846s] -- Installing: /home/lavnir/PhD/git/ColaborativeMPC-/ROS2/ros2_ws/install/tutorial_interfaces/include/tutorial_interfaces/tutorial_interfaces/msg/rosidl_typesupport_fastrtps_c__visibility_control.h
[2.846s] -- Installing: /home/lavnir/PhD/git/ColaborativeMPC-/ROS2/ros2_ws/install/tutorial_interfaces/lib/libtutorial_interfaces__rosidl_typesupport_fastrtps_c.so
[2.846s] -- Set runtime path of "/home/lavnir/PhD/git/ColaborativeMPC-/ROS2/ros2_ws/install/tutorial_interfaces/lib/libtutorial_interfaces__rosidl_typesupport_fastrtps_c.so" to ""
[2.846s] -- Up-to-date: /home/lavnir/PhD/git/ColaborativeMPC-/ROS2/ros2_ws/install/tutorial_interfaces/include/tutorial_interfaces/tutorial_interfaces
[2.846s] -- Up-to-date: /home/lavnir/PhD/git/ColaborativeMPC-/ROS2/ros2_ws/install/tutorial_interfaces/include/tutorial_interfaces/tutorial_interfaces/msg
[2.846s] -- Installing: /home/lavnir/PhD/git/ColaborativeMPC-/ROS2/ros2_ws/install/tutorial_interfaces/include/tutorial_interfaces/tutorial_interfaces/msg/sphere.hpp
[2.846s] -- Up-to-date: /home/lavnir/PhD/git/ColaborativeMPC-/ROS2/ros2_ws/install/tutorial_interfaces/include/tutorial_interfaces/tutorial_interfaces/msg/detail
[2.846s] -- Installing: /home/lavnir/PhD/git/ColaborativeMPC-/ROS2/ros2_ws/install/tutorial_interfaces/include/tutorial_interfaces/tutorial_interfaces/msg/detail/num__builder.hpp
[2.846s] -- Installing: /home/lavnir/PhD/git/ColaborativeMPC-/ROS2/ros2_ws/install/tutorial_interfaces/include/tutorial_interfaces/tutorial_interfaces/msg/detail/sphere__builder.hpp
[2.847s] -- Installing: /home/lavnir/PhD/git/ColaborativeMPC-/ROS2/ros2_ws/install/tutorial_interfaces/include/tutorial_interfaces/tutorial_interfaces/msg/detail/sphere__struct.hpp
[2.847s] -- Installing: /home/lavnir/PhD/git/ColaborativeMPC-/ROS2/ros2_ws/install/tutorial_interfaces/include/tutorial_interfaces/tutorial_interfaces/msg/detail/num__traits.hpp
[2.847s] -- Installing: /home/lavnir/PhD/git/ColaborativeMPC-/ROS2/ros2_ws/install/tutorial_interfaces/include/tutorial_interfaces/tutorial_interfaces/msg/detail/num__struct.hpp
[2.847s] -- Installing: /home/lavnir/PhD/git/ColaborativeMPC-/ROS2/ros2_ws/install/tutorial_interfaces/include/tutorial_interfaces/tutorial_interfaces/msg/detail/sphere__traits.hpp
[2.847s] -- Installing: /home/lavnir/PhD/git/ColaborativeMPC-/ROS2/ros2_ws/install/tutorial_interfaces/include/tutorial_interfaces/tutorial_interfaces/msg/num.hpp
[2.847s] -- Up-to-date: /home/lavnir/PhD/git/ColaborativeMPC-/ROS2/ros2_ws/install/tutorial_interfaces/include/tutorial_interfaces/tutorial_interfaces
[2.847s] -- Up-to-date: /home/lavnir/PhD/git/ColaborativeMPC-/ROS2/ros2_ws/install/tutorial_interfaces/include/tutorial_interfaces/tutorial_interfaces/msg
[2.847s] -- Installing: /home/lavnir/PhD/git/ColaborativeMPC-/ROS2/ros2_ws/install/tutorial_interfaces/include/tutorial_interfaces/tutorial_interfaces/msg/rosidl_typesupport_fastrtps_cpp__visibility_control.h
[2.847s] -- Up-to-date: /home/lavnir/PhD/git/ColaborativeMPC-/ROS2/ros2_ws/install/tutorial_interfaces/include/tutorial_interfaces/tutorial_interfaces/msg/detail
[2.847s] -- Installing: /home/lavnir/PhD/git/ColaborativeMPC-/ROS2/ros2_ws/install/tutorial_interfaces/include/tutorial_interfaces/tutorial_interfaces/msg/detail/num__rosidl_typesupport_fastrtps_cpp.hpp
[2.847s] -- Installing: /home/lavnir/PhD/git/ColaborativeMPC-/ROS2/ros2_ws/install/tutorial_interfaces/include/tutorial_interfaces/tutorial_interfaces/msg/detail/dds_fastrtps
[2.848s] -- Installing: /home/lavnir/PhD/git/ColaborativeMPC-/ROS2/ros2_ws/install/tutorial_interfaces/include/tutorial_interfaces/tutorial_interfaces/msg/detail/sphere__rosidl_typesupport_fastrtps_cpp.hpp
[2.848s] -- Installing: /home/lavnir/PhD/git/ColaborativeMPC-/ROS2/ros2_ws/install/tutorial_interfaces/lib/libtutorial_interfaces__rosidl_typesupport_fastrtps_cpp.so
[2.848s] -- Set runtime path of "/home/lavnir/PhD/git/ColaborativeMPC-/ROS2/ros2_ws/install/tutorial_interfaces/lib/libtutorial_interfaces__rosidl_typesupport_fastrtps_cpp.so" to ""
[2.848s] -- Up-to-date: /home/lavnir/PhD/git/ColaborativeMPC-/ROS2/ros2_ws/install/tutorial_interfaces/include/tutorial_interfaces/tutorial_interfaces
[2.848s] -- Up-to-date: /home/lavnir/PhD/git/ColaborativeMPC-/ROS2/ros2_ws/install/tutorial_interfaces/include/tutorial_interfaces/tutorial_interfaces/msg
[2.848s] -- Installing: /home/lavnir/PhD/git/ColaborativeMPC-/ROS2/ros2_ws/install/tutorial_interfaces/include/tutorial_interfaces/tutorial_interfaces/msg/rosidl_typesupport_introspection_c__visibility_control.h
[2.848s] -- Up-to-date: /home/lavnir/PhD/git/ColaborativeMPC-/ROS2/ros2_ws/install/tutorial_interfaces/include/tutorial_interfaces/tutorial_interfaces/msg/detail
[2.848s] -- Installing: /home/lavnir/PhD/git/ColaborativeMPC-/ROS2/ros2_ws/install/tutorial_interfaces/include/tutorial_interfaces/tutorial_interfaces/msg/detail/num__rosidl_typesupport_introspection_c.h
[2.848s] -- Installing: /home/lavnir/PhD/git/ColaborativeMPC-/ROS2/ros2_ws/install/tutorial_interfaces/include/tutorial_interfaces/tutorial_interfaces/msg/detail/sphere__rosidl_typesupport_introspection_c.h
[2.848s] -- Installing: /home/lavnir/PhD/git/ColaborativeMPC-/ROS2/ros2_ws/install/tutorial_interfaces/include/tutorial_interfaces/tutorial_interfaces/msg/detail/sphere__type_support.c
[2.848s] -- Installing: /home/lavnir/PhD/git/ColaborativeMPC-/ROS2/ros2_ws/install/tutorial_interfaces/include/tutorial_interfaces/tutorial_interfaces/msg/detail/num__type_support.c
[2.848s] -- Installing: /home/lavnir/PhD/git/ColaborativeMPC-/ROS2/ros2_ws/install/tutorial_interfaces/lib/libtutorial_interfaces__rosidl_typesupport_introspection_c.so
[2.849s] -- Set runtime path of "/home/lavnir/PhD/git/ColaborativeMPC-/ROS2/ros2_ws/install/tutorial_interfaces/lib/libtutorial_interfaces__rosidl_typesupport_introspection_c.so" to ""
[2.849s] -- Installing: /home/lavnir/PhD/git/ColaborativeMPC-/ROS2/ros2_ws/install/tutorial_interfaces/lib/libtutorial_interfaces__rosidl_typesupport_c.so
[2.849s] -- Set runtime path of "/home/lavnir/PhD/git/ColaborativeMPC-/ROS2/ros2_ws/install/tutorial_interfaces/lib/libtutorial_interfaces__rosidl_typesupport_c.so" to ""
[2.849s] -- Up-to-date: /home/lavnir/PhD/git/ColaborativeMPC-/ROS2/ros2_ws/install/tutorial_interfaces/include/tutorial_interfaces/tutorial_interfaces
[2.849s] -- Up-to-date: /home/lavnir/PhD/git/ColaborativeMPC-/ROS2/ros2_ws/install/tutorial_interfaces/include/tutorial_interfaces/tutorial_interfaces/msg
[2.849s] -- Up-to-date: /home/lavnir/PhD/git/ColaborativeMPC-/ROS2/ros2_ws/install/tutorial_interfaces/include/tutorial_interfaces/tutorial_interfaces/msg/detail
[2.849s] -- Installing: /home/lavnir/PhD/git/ColaborativeMPC-/ROS2/ros2_ws/install/tutorial_interfaces/include/tutorial_interfaces/tutorial_interfaces/msg/detail/sphere__type_support.cpp
[2.849s] -- Installing: /home/lavnir/PhD/git/ColaborativeMPC-/ROS2/ros2_ws/install/tutorial_interfaces/include/tutorial_interfaces/tutorial_interfaces/msg/detail/num__type_support.cpp
[2.849s] -- Installing: /home/lavnir/PhD/git/ColaborativeMPC-/ROS2/ros2_ws/install/tutorial_interfaces/include/tutorial_interfaces/tutorial_interfaces/msg/detail/sphere__rosidl_typesupport_introspection_cpp.hpp
[2.849s] -- Installing: /home/lavnir/PhD/git/ColaborativeMPC-/ROS2/ros2_ws/install/tutorial_interfaces/include/tutorial_interfaces/tutorial_interfaces/msg/detail/num__rosidl_typesupport_introspection_cpp.hpp
[2.850s] -- Installing: /home/lavnir/PhD/git/ColaborativeMPC-/ROS2/ros2_ws/install/tutorial_interfaces/lib/libtutorial_interfaces__rosidl_typesupport_introspection_cpp.so
[2.850s] -- Set runtime path of "/home/lavnir/PhD/git/ColaborativeMPC-/ROS2/ros2_ws/install/tutorial_interfaces/lib/libtutorial_interfaces__rosidl_typesupport_introspection_cpp.so" to ""
[2.850s] -- Installing: /home/lavnir/PhD/git/ColaborativeMPC-/ROS2/ros2_ws/install/tutorial_interfaces/lib/libtutorial_interfaces__rosidl_typesupport_cpp.so
[2.850s] -- Set runtime path of "/home/lavnir/PhD/git/ColaborativeMPC-/ROS2/ros2_ws/install/tutorial_interfaces/lib/libtutorial_interfaces__rosidl_typesupport_cpp.so" to ""
[2.850s] -- Installing: /home/lavnir/PhD/git/ColaborativeMPC-/ROS2/ros2_ws/install/tutorial_interfaces/share/tutorial_interfaces/environment/pythonpath.sh
[2.850s] -- Installing: /home/lavnir/PhD/git/ColaborativeMPC-/ROS2/ros2_ws/install/tutorial_interfaces/share/tutorial_interfaces/environment/pythonpath.dsv
[2.850s] -- Installing: /home/lavnir/PhD/git/ColaborativeMPC-/ROS2/ros2_ws/install/tutorial_interfaces/local/lib/python3.10/dist-packages/tutorial_interfaces-0.0.0-py3.10.egg-info
[2.850s] -- Installing: /home/lavnir/PhD/git/ColaborativeMPC-/ROS2/ros2_ws/install/tutorial_interfaces/local/lib/python3.10/dist-packages/tutorial_interfaces-0.0.0-py3.10.egg-info/SOURCES.txt
[2.850s] -- Installing: /home/lavnir/PhD/git/ColaborativeMPC-/ROS2/ros2_ws/install/tutorial_interfaces/local/lib/python3.10/dist-packages/tutorial_interfaces-0.0.0-py3.10.egg-info/PKG-INFO
[2.850s] -- Installing: /home/lavnir/PhD/git/ColaborativeMPC-/ROS2/ros2_ws/install/tutorial_interfaces/local/lib/python3.10/dist-packages/tutorial_interfaces-0.0.0-py3.10.egg-info/top_level.txt
[2.851s] -- Installing: /home/lavnir/PhD/git/ColaborativeMPC-/ROS2/ros2_ws/install/tutorial_interfaces/local/lib/python3.10/dist-packages/tutorial_interfaces-0.0.0-py3.10.egg-info/dependency_links.txt
[2.852s] -- Installing: /home/lavnir/PhD/git/ColaborativeMPC-/ROS2/ros2_ws/install/tutorial_interfaces/local/lib/python3.10/dist-packages/tutorial_interfaces
[2.852s] -- Installing: /home/lavnir/PhD/git/ColaborativeMPC-/ROS2/ros2_ws/install/tutorial_interfaces/local/lib/python3.10/dist-packages/tutorial_interfaces/msg
[2.852s] -- Installing: /home/lavnir/PhD/git/ColaborativeMPC-/ROS2/ros2_ws/install/tutorial_interfaces/local/lib/python3.10/dist-packages/tutorial_interfaces/msg/_sphere_s.c
[2.852s] -- Installing: /home/lavnir/PhD/git/ColaborativeMPC-/ROS2/ros2_ws/install/tutorial_interfaces/local/lib/python3.10/dist-packages/tutorial_interfaces/msg/_sphere.py
[2.853s] -- Installing: /home/lavnir/PhD/git/ColaborativeMPC-/ROS2/ros2_ws/install/tutorial_interfaces/local/lib/python3.10/dist-packages/tutorial_interfaces/msg/_num.py
[2.853s] -- Installing: /home/lavnir/PhD/git/ColaborativeMPC-/ROS2/ros2_ws/install/tutorial_interfaces/local/lib/python3.10/dist-packages/tutorial_interfaces/msg/__init__.py
[2.853s] -- Installing: /home/lavnir/PhD/git/ColaborativeMPC-/ROS2/ros2_ws/install/tutorial_interfaces/local/lib/python3.10/dist-packages/tutorial_interfaces/msg/_num_s.c
[2.853s] -- Installing: /home/lavnir/PhD/git/ColaborativeMPC-/ROS2/ros2_ws/install/tutorial_interfaces/local/lib/python3.10/dist-packages/tutorial_interfaces/tutorial_interfaces_s__rosidl_typesupport_introspection_c.cpython-36dm-x86_64-linux-gnu.so
[2.853s] -- Installing: /home/lavnir/PhD/git/ColaborativeMPC-/ROS2/ros2_ws/install/tutorial_interfaces/local/lib/python3.10/dist-packages/tutorial_interfaces/tutorial_interfaces_s__rosidl_typesupport_c.cpython-36dm-x86_64-linux-gnu.so
[2.853s] -- Installing: /home/lavnir/PhD/git/ColaborativeMPC-/ROS2/ros2_ws/install/tutorial_interfaces/local/lib/python3.10/dist-packages/tutorial_interfaces/_tutorial_interfaces_s.ep.rosidl_typesupport_introspection_c.c
[2.853s] -- Installing: /home/lavnir/PhD/git/ColaborativeMPC-/ROS2/ros2_ws/install/tutorial_interfaces/local/lib/python3.10/dist-packages/tutorial_interfaces/_tutorial_interfaces_s.ep.rosidl_typesupport_fastrtps_c.c
[2.853s] -- Installing: /home/lavnir/PhD/git/ColaborativeMPC-/ROS2/ros2_ws/install/tutorial_interfaces/local/lib/python3.10/dist-packages/tutorial_interfaces/__init__.py
[2.853s] -- Installing: /home/lavnir/PhD/git/ColaborativeMPC-/ROS2/ros2_ws/install/tutorial_interfaces/local/lib/python3.10/dist-packages/tutorial_interfaces/libtutorial_interfaces__rosidl_generator_py.so
[2.853s] -- Installing: /home/lavnir/PhD/git/ColaborativeMPC-/ROS2/ros2_ws/install/tutorial_interfaces/local/lib/python3.10/dist-packages/tutorial_interfaces/_tutorial_interfaces_s.ep.rosidl_typesupport_c.c
[2.854s] -- Installing: /home/lavnir/PhD/git/ColaborativeMPC-/ROS2/ros2_ws/install/tutorial_interfaces/local/lib/python3.10/dist-packages/tutorial_interfaces/tutorial_interfaces_s__rosidl_typesupport_fastrtps_c.cpython-36dm-x86_64-linux-gnu.so
[2.884s] Listing '/home/lavnir/PhD/git/ColaborativeMPC-/ROS2/ros2_ws/install/tutorial_interfaces/local/lib/python3.10/dist-packages/tutorial_interfaces'...
[2.884s] Compiling '/home/lavnir/PhD/git/ColaborativeMPC-/ROS2/ros2_ws/install/tutorial_interfaces/local/lib/python3.10/dist-packages/tutorial_interfaces/__init__.py'...
[2.884s] Listing '/home/lavnir/PhD/git/ColaborativeMPC-/ROS2/ros2_ws/install/tutorial_interfaces/local/lib/python3.10/dist-packages/tutorial_interfaces/msg'...
[2.884s] Compiling '/home/lavnir/PhD/git/ColaborativeMPC-/ROS2/ros2_ws/install/tutorial_interfaces/local/lib/python3.10/dist-packages/tutorial_interfaces/msg/__init__.py'...
[2.884s] Compiling '/home/lavnir/PhD/git/ColaborativeMPC-/ROS2/ros2_ws/install/tutorial_interfaces/local/lib/python3.10/dist-packages/tutorial_interfaces/msg/_num.py'...
[2.884s] Compiling '/home/lavnir/PhD/git/ColaborativeMPC-/ROS2/ros2_ws/install/tutorial_interfaces/local/lib/python3.10/dist-packages/tutorial_interfaces/msg/_sphere.py'...
[2.887s] -- Installing: /home/lavnir/PhD/git/ColaborativeMPC-/ROS2/ros2_ws/install/tutorial_interfaces/local/lib/python3.10/dist-packages/tutorial_interfaces/tutorial_interfaces_s__rosidl_typesupport_fastrtps_c.cpython-36dm-x86_64-linux-gnu.so
[2.887s] -- Set runtime path of "/home/lavnir/PhD/git/ColaborativeMPC-/ROS2/ros2_ws/install/tutorial_interfaces/local/lib/python3.10/dist-packages/tutorial_interfaces/tutorial_interfaces_s__rosidl_typesupport_fastrtps_c.cpython-36dm-x86_64-linux-gnu.so" to ""
[2.887s] -- Installing: /home/lavnir/PhD/git/ColaborativeMPC-/ROS2/ros2_ws/install/tutorial_interfaces/local/lib/python3.10/dist-packages/tutorial_interfaces/tutorial_interfaces_s__rosidl_typesupport_introspection_c.cpython-36dm-x86_64-linux-gnu.so
[2.888s] -- Set runtime path of "/home/lavnir/PhD/git/ColaborativeMPC-/ROS2/ros2_ws/install/tutorial_interfaces/local/lib/python3.10/dist-packages/tutorial_interfaces/tutorial_interfaces_s__rosidl_typesupport_introspection_c.cpython-36dm-x86_64-linux-gnu.so" to ""
[2.888s] -- Installing: /home/lavnir/PhD/git/ColaborativeMPC-/ROS2/ros2_ws/install/tutorial_interfaces/local/lib/python3.10/dist-packages/tutorial_interfaces/tutorial_interfaces_s__rosidl_typesupport_c.cpython-36dm-x86_64-linux-gnu.so
[2.888s] -- Set runtime path of "/home/lavnir/PhD/git/ColaborativeMPC-/ROS2/ros2_ws/install/tutorial_interfaces/local/lib/python3.10/dist-packages/tutorial_interfaces/tutorial_interfaces_s__rosidl_typesupport_c.cpython-36dm-x86_64-linux-gnu.so" to ""
[2.888s] -- Installing: /home/lavnir/PhD/git/ColaborativeMPC-/ROS2/ros2_ws/install/tutorial_interfaces/lib/libtutorial_interfaces__rosidl_generator_py.so
[2.888s] -- Set runtime path of "/home/lavnir/PhD/git/ColaborativeMPC-/ROS2/ros2_ws/install/tutorial_interfaces/lib/libtutorial_interfaces__rosidl_generator_py.so" to ""
[2.888s] -- Installing: /home/lavnir/PhD/git/ColaborativeMPC-/ROS2/ros2_ws/install/tutorial_interfaces/share/tutorial_interfaces/msg/Num.idl
[2.888s] -- Installing: /home/lavnir/PhD/git/ColaborativeMPC-/ROS2/ros2_ws/install/tutorial_interfaces/share/tutorial_interfaces/msg/Sphere.idl
[2.888s] -- Installing: /home/lavnir/PhD/git/ColaborativeMPC-/ROS2/ros2_ws/install/tutorial_interfaces/share/tutorial_interfaces/msg/Num.msg
[2.888s] -- Installing: /home/lavnir/PhD/git/ColaborativeMPC-/ROS2/ros2_ws/install/tutorial_interfaces/share/tutorial_interfaces/msg/Sphere.msg
[2.888s] -- Installing: /home/lavnir/PhD/git/ColaborativeMPC-/ROS2/ros2_ws/install/tutorial_interfaces/share/ament_index/resource_index/package_run_dependencies/tutorial_interfaces
[2.888s] -- Installing: /home/lavnir/PhD/git/ColaborativeMPC-/ROS2/ros2_ws/install/tutorial_interfaces/share/ament_index/resource_index/parent_prefix_path/tutorial_interfaces
[2.888s] -- Installing: /home/lavnir/PhD/git/ColaborativeMPC-/ROS2/ros2_ws/install/tutorial_interfaces/share/tutorial_interfaces/environment/ament_prefix_path.sh
[2.888s] -- Installing: /home/lavnir/PhD/git/ColaborativeMPC-/ROS2/ros2_ws/install/tutorial_interfaces/share/tutorial_interfaces/environment/ament_prefix_path.dsv
[2.888s] -- Installing: /home/lavnir/PhD/git/ColaborativeMPC-/ROS2/ros2_ws/install/tutorial_interfaces/share/tutorial_interfaces/environment/path.sh
[2.889s] -- Installing: /home/lavnir/PhD/git/ColaborativeMPC-/ROS2/ros2_ws/install/tutorial_interfaces/share/tutorial_interfaces/environment/path.dsv
[2.889s] -- Installing: /home/lavnir/PhD/git/ColaborativeMPC-/ROS2/ros2_ws/install/tutorial_interfaces/share/tutorial_interfaces/local_setup.bash
[2.889s] -- Installing: /home/lavnir/PhD/git/ColaborativeMPC-/ROS2/ros2_ws/install/tutorial_interfaces/share/tutorial_interfaces/local_setup.sh
[2.889s] -- Installing: /home/lavnir/PhD/git/ColaborativeMPC-/ROS2/ros2_ws/install/tutorial_interfaces/share/tutorial_interfaces/local_setup.zsh
[2.889s] -- Installing: /home/lavnir/PhD/git/ColaborativeMPC-/ROS2/ros2_ws/install/tutorial_interfaces/share/tutorial_interfaces/local_setup.dsv
[2.889s] -- Installing: /home/lavnir/PhD/git/ColaborativeMPC-/ROS2/ros2_ws/install/tutorial_interfaces/share/tutorial_interfaces/package.dsv
[2.889s] -- Installing: /home/lavnir/PhD/git/ColaborativeMPC-/ROS2/ros2_ws/install/tutorial_interfaces/share/ament_index/resource_index/packages/tutorial_interfaces
[2.889s] -- Installing: /home/lavnir/PhD/git/ColaborativeMPC-/ROS2/ros2_ws/install/tutorial_interfaces/share/tutorial_interfaces/cmake/export_tutorial_interfaces__rosidl_generator_cExport.cmake
[2.889s] -- Installing: /home/lavnir/PhD/git/ColaborativeMPC-/ROS2/ros2_ws/install/tutorial_interfaces/share/tutorial_interfaces/cmake/export_tutorial_interfaces__rosidl_generator_cExport-noconfig.cmake
[2.889s] -- Installing: /home/lavnir/PhD/git/ColaborativeMPC-/ROS2/ros2_ws/install/tutorial_interfaces/share/tutorial_interfaces/cmake/export_tutorial_interfaces__rosidl_typesupport_fastrtps_cExport.cmake
[2.889s] -- Installing: /home/lavnir/PhD/git/ColaborativeMPC-/ROS2/ros2_ws/install/tutorial_interfaces/share/tutorial_interfaces/cmake/export_tutorial_interfaces__rosidl_typesupport_fastrtps_cExport-noconfig.cmake
[2.889s] -- Installing: /home/lavnir/PhD/git/ColaborativeMPC-/ROS2/ros2_ws/install/tutorial_interfaces/share/tutorial_interfaces/cmake/export_tutorial_interfaces__rosidl_generator_cppExport.cmake
[2.889s] -- Installing: /home/lavnir/PhD/git/ColaborativeMPC-/ROS2/ros2_ws/install/tutorial_interfaces/share/tutorial_interfaces/cmake/export_tutorial_interfaces__rosidl_typesupport_fastrtps_cppExport.cmake
[2.889s] -- Installing: /home/lavnir/PhD/git/ColaborativeMPC-/ROS2/ros2_ws/install/tutorial_interfaces/share/tutorial_interfaces/cmake/export_tutorial_interfaces__rosidl_typesupport_fastrtps_cppExport-noconfig.cmake
[2.889s] -- Installing: /home/lavnir/PhD/git/ColaborativeMPC-/ROS2/ros2_ws/install/tutorial_interfaces/share/tutorial_interfaces/cmake/tutorial_interfaces__rosidl_typesupport_introspection_cExport.cmake
[2.889s] -- Installing: /home/lavnir/PhD/git/ColaborativeMPC-/ROS2/ros2_ws/install/tutorial_interfaces/share/tutorial_interfaces/cmake/tutorial_interfaces__rosidl_typesupport_introspection_cExport-noconfig.cmake
[2.889s] -- Installing: /home/lavnir/PhD/git/ColaborativeMPC-/ROS2/ros2_ws/install/tutorial_interfaces/share/tutorial_interfaces/cmake/tutorial_interfaces__rosidl_typesupport_cExport.cmake
[2.889s] -- Installing: /home/lavnir/PhD/git/ColaborativeMPC-/ROS2/ros2_ws/install/tutorial_interfaces/share/tutorial_interfaces/cmake/tutorial_interfaces__rosidl_typesupport_cExport-noconfig.cmake
[2.889s] -- Installing: /home/lavnir/PhD/git/ColaborativeMPC-/ROS2/ros2_ws/install/tutorial_interfaces/share/tutorial_interfaces/cmake/tutorial_interfaces__rosidl_typesupport_introspection_cppExport.cmake
[2.889s] -- Installing: /home/lavnir/PhD/git/ColaborativeMPC-/ROS2/ros2_ws/install/tutorial_interfaces/share/tutorial_interfaces/cmake/tutorial_interfaces__rosidl_typesupport_introspection_cppExport-noconfig.cmake
[2.889s] -- Installing: /home/lavnir/PhD/git/ColaborativeMPC-/ROS2/ros2_ws/install/tutorial_interfaces/share/tutorial_interfaces/cmake/tutorial_interfaces__rosidl_typesupport_cppExport.cmake
[2.889s] -- Installing: /home/lavnir/PhD/git/ColaborativeMPC-/ROS2/ros2_ws/install/tutorial_interfaces/share/tutorial_interfaces/cmake/tutorial_interfaces__rosidl_typesupport_cppExport-noconfig.cmake
[2.889s] -- Installing: /home/lavnir/PhD/git/ColaborativeMPC-/ROS2/ros2_ws/install/tutorial_interfaces/share/tutorial_interfaces/cmake/export_tutorial_interfaces__rosidl_generator_pyExport.cmake
[2.889s] -- Installing: /home/lavnir/PhD/git/ColaborativeMPC-/ROS2/ros2_ws/install/tutorial_interfaces/share/tutorial_interfaces/cmake/export_tutorial_interfaces__rosidl_generator_pyExport-noconfig.cmake
[2.890s] -- Installing: /home/lavnir/PhD/git/ColaborativeMPC-/ROS2/ros2_ws/install/tutorial_interfaces/share/tutorial_interfaces/cmake/rosidl_cmake-extras.cmake
[2.890s] -- Installing: /home/lavnir/PhD/git/ColaborativeMPC-/ROS2/ros2_ws/install/tutorial_interfaces/share/tutorial_interfaces/cmake/ament_cmake_export_dependencies-extras.cmake
[2.890s] -- Installing: /home/lavnir/PhD/git/ColaborativeMPC-/ROS2/ros2_ws/install/tutorial_interfaces/share/tutorial_interfaces/cmake/ament_cmake_export_include_directories-extras.cmake
[2.890s] -- Installing: /home/lavnir/PhD/git/ColaborativeMPC-/ROS2/ros2_ws/install/tutorial_interfaces/share/tutorial_interfaces/cmake/ament_cmake_export_libraries-extras.cmake
[2.890s] -- Installing: /home/lavnir/PhD/git/ColaborativeMPC-/ROS2/ros2_ws/install/tutorial_interfaces/share/tutorial_interfaces/cmake/ament_cmake_export_targets-extras.cmake
[2.890s] -- Installing: /home/lavnir/PhD/git/ColaborativeMPC-/ROS2/ros2_ws/install/tutorial_interfaces/share/tutorial_interfaces/cmake/rosidl_cmake_export_typesupport_targets-extras.cmake
[2.890s] -- Installing: /home/lavnir/PhD/git/ColaborativeMPC-/ROS2/ros2_ws/install/tutorial_interfaces/share/tutorial_interfaces/cmake/rosidl_cmake_export_typesupport_libraries-extras.cmake
[2.890s] -- Installing: /home/lavnir/PhD/git/ColaborativeMPC-/ROS2/ros2_ws/install/tutorial_interfaces/share/tutorial_interfaces/cmake/tutorial_interfacesConfig.cmake
[2.890s] -- Installing: /home/lavnir/PhD/git/ColaborativeMPC-/ROS2/ros2_ws/install/tutorial_interfaces/share/tutorial_interfaces/cmake/tutorial_interfacesConfig-version.cmake
[2.890s] -- Installing: /home/lavnir/PhD/git/ColaborativeMPC-/ROS2/ros2_ws/install/tutorial_interfaces/share/tutorial_interfaces/package.xml
[2.893s] Invoked command in '/home/lavnir/PhD/git/ColaborativeMPC-/ROS2/ros2_ws/build/tutorial_interfaces' returned '0': CMAKE_PREFIX_PATH=${CMAKE_PREFIX_PATH}:/home/lavnir/PhD/git/ColaborativeMPC-/ROS2/ros2_ws/install/py_pubsub_cs:/home/lavnir/PhD/git/ColaborativeMPC-/ROS2/ros2_ws/install/py_pubsub:/home/lavnir/PhD/git/ColaborativeMPC-/ROS2/ros2_ws/install/planner_experiments:/opt/ros/humble /usr/bin/cmake --install /home/lavnir/PhD/git/ColaborativeMPC-/ROS2/ros2_ws/build/tutorial_interfaces
