running egg_info
writing ../../build/py_pubsub_cs/py_pubsub_cs.egg-info/PKG-INFO
writing dependency_links to ../../build/py_pubsub_cs/py_pubsub_cs.egg-info/dependency_links.txt
writing entry points to ../../build/py_pubsub_cs/py_pubsub_cs.egg-info/entry_points.txt
writing requirements to ../../build/py_pubsub_cs/py_pubsub_cs.egg-info/requires.txt
writing top-level names to ../../build/py_pubsub_cs/py_pubsub_cs.egg-info/top_level.txt
reading manifest file '../../build/py_pubsub_cs/py_pubsub_cs.egg-info/SOURCES.txt'
writing manifest file '../../build/py_pubsub_cs/py_pubsub_cs.egg-info/SOURCES.txt'
running build
running build_py
/usr/lib/python3/dist-packages/setuptools/command/install.py:34: SetuptoolsDeprecationWarning: setup.py install is deprecated. Use build and pip and other standards-based tools.
  warnings.warn(
running install
running install_lib
running install_data
running install_egg_info
removing '/home/lavnir/PhD/git/ColaborativeMPC-/ROS2/ros2_ws/install/py_pubsub_cs/lib/python3.10/site-packages/py_pubsub_cs-0.0.0-py3.10.egg-info' (and everything under it)
Copying ../../build/py_pubsub_cs/py_pubsub_cs.egg-info to /home/lavnir/PhD/git/ColaborativeMPC-/ROS2/ros2_ws/install/py_pubsub_cs/lib/python3.10/site-packages/py_pubsub_cs-0.0.0-py3.10.egg-info
running install_scripts
Installing listener script to /home/lavnir/PhD/git/ColaborativeMPC-/ROS2/ros2_ws/install/py_pubsub_cs/lib/py_pubsub_cs
Installing talker script to /home/lavnir/PhD/git/ColaborativeMPC-/ROS2/ros2_ws/install/py_pubsub_cs/lib/py_pubsub_cs
writing list of installed files to '/home/lavnir/PhD/git/ColaborativeMPC-/ROS2/ros2_ws/build/py_pubsub_cs/install.log'
