[0.342s] Invoking command in '/home/lavnir/PhD/git/ColaborativeMPC-/ROS2/ros2_ws/src/py_pubsub_cs': PYTHONPATH=/home/lavnir/PhD/git/ColaborativeMPC-/ROS2/ros2_ws/build/py_pubsub_cs/prefix_override:/home/lavnir/PhD/git/ColaborativeMPC-/ROS2/ros2_ws/install/py_pubsub_cs/lib/python3.10/site-packages:${PYTHONPATH} /usr/bin/python3 setup.py egg_info --egg-base ../../build/py_pubsub_cs build --build-base /home/lavnir/PhD/git/ColaborativeMPC-/ROS2/ros2_ws/build/py_pubsub_cs/build install --record /home/lavnir/PhD/git/ColaborativeMPC-/ROS2/ros2_ws/build/py_pubsub_cs/install.log --single-version-externally-managed
[0.474s] running egg_info
[0.475s] writing ../../build/py_pubsub_cs/py_pubsub_cs.egg-info/PKG-INFO
[0.475s] writing dependency_links to ../../build/py_pubsub_cs/py_pubsub_cs.egg-info/dependency_links.txt
[0.475s] writing entry points to ../../build/py_pubsub_cs/py_pubsub_cs.egg-info/entry_points.txt
[0.475s] writing requirements to ../../build/py_pubsub_cs/py_pubsub_cs.egg-info/requires.txt
[0.475s] writing top-level names to ../../build/py_pubsub_cs/py_pubsub_cs.egg-info/top_level.txt
[0.476s] reading manifest file '../../build/py_pubsub_cs/py_pubsub_cs.egg-info/SOURCES.txt'
[0.476s] writing manifest file '../../build/py_pubsub_cs/py_pubsub_cs.egg-info/SOURCES.txt'
[0.476s] running build
[0.476s] running build_py
[0.476s] /usr/lib/python3/dist-packages/setuptools/command/install.py:34: SetuptoolsDeprecationWarning: setup.py install is deprecated. Use build and pip and other standards-based tools.
[0.476s]   warnings.warn(
[0.476s] running install
[0.476s] running install_lib
[0.477s] running install_data
[0.477s] running install_egg_info
[0.478s] removing '/home/lavnir/PhD/git/ColaborativeMPC-/ROS2/ros2_ws/install/py_pubsub_cs/lib/python3.10/site-packages/py_pubsub_cs-0.0.0-py3.10.egg-info' (and everything under it)
[0.479s] Copying ../../build/py_pubsub_cs/py_pubsub_cs.egg-info to /home/lavnir/PhD/git/ColaborativeMPC-/ROS2/ros2_ws/install/py_pubsub_cs/lib/python3.10/site-packages/py_pubsub_cs-0.0.0-py3.10.egg-info
[0.479s] running install_scripts
[0.492s] Installing listener script to /home/lavnir/PhD/git/ColaborativeMPC-/ROS2/ros2_ws/install/py_pubsub_cs/lib/py_pubsub_cs
[0.492s] Installing talker script to /home/lavnir/PhD/git/ColaborativeMPC-/ROS2/ros2_ws/install/py_pubsub_cs/lib/py_pubsub_cs
[0.492s] writing list of installed files to '/home/lavnir/PhD/git/ColaborativeMPC-/ROS2/ros2_ws/build/py_pubsub_cs/install.log'
[0.508s] Invoked command in '/home/lavnir/PhD/git/ColaborativeMPC-/ROS2/ros2_ws/src/py_pubsub_cs' returned '0': PYTHONPATH=/home/lavnir/PhD/git/ColaborativeMPC-/ROS2/ros2_ws/build/py_pubsub_cs/prefix_override:/home/lavnir/PhD/git/ColaborativeMPC-/ROS2/ros2_ws/install/py_pubsub_cs/lib/python3.10/site-packages:${PYTHONPATH} /usr/bin/python3 setup.py egg_info --egg-base ../../build/py_pubsub_cs build --build-base /home/lavnir/PhD/git/ColaborativeMPC-/ROS2/ros2_ws/build/py_pubsub_cs/build install --record /home/lavnir/PhD/git/ColaborativeMPC-/ROS2/ros2_ws/build/py_pubsub_cs/install.log --single-version-externally-managed
