[0.610s] Invoking command in '/home/lavnir/PhD/git/ColaborativeMPC-/ROS2/ros2_ws/src/planner_experiments': PYTHONPATH=/home/lavnir/PhD/git/ColaborativeMPC-/ROS2/ros2_ws/build/planner_experiments/prefix_override:/home/lavnir/PhD/git/ColaborativeMPC-/ROS2/ros2_ws/install/planner_experiments/lib/python3.10/site-packages:${PYTHONPATH} /usr/bin/python3 setup.py egg_info --egg-base ../../build/planner_experiments build --build-base /home/lavnir/PhD/git/ColaborativeMPC-/ROS2/ros2_ws/build/planner_experiments/build install --record /home/lavnir/PhD/git/ColaborativeMPC-/ROS2/ros2_ws/build/planner_experiments/install.log --single-version-externally-managed
[0.741s] running egg_info
[0.741s] writing ../../build/planner_experiments/planner_experiments.egg-info/PKG-INFO
[0.742s] writing dependency_links to ../../build/planner_experiments/planner_experiments.egg-info/dependency_links.txt
[0.742s] writing entry points to ../../build/planner_experiments/planner_experiments.egg-info/entry_points.txt
[0.742s] writing requirements to ../../build/planner_experiments/planner_experiments.egg-info/requires.txt
[0.742s] writing top-level names to ../../build/planner_experiments/planner_experiments.egg-info/top_level.txt
[0.743s] reading manifest file '../../build/planner_experiments/planner_experiments.egg-info/SOURCES.txt'
[0.743s] writing manifest file '../../build/planner_experiments/planner_experiments.egg-info/SOURCES.txt'
[0.743s] running build
[0.744s] running build_py
[0.744s] running install
[0.744s] /usr/lib/python3/dist-packages/setuptools/command/install.py:34: SetuptoolsDeprecationWarning: setup.py install is deprecated. Use build and pip and other standards-based tools.
[0.744s]   warnings.warn(
[0.744s] running install_lib
[0.745s] running install_data
[0.745s] running install_egg_info
[0.745s] removing '/home/lavnir/PhD/git/ColaborativeMPC-/ROS2/ros2_ws/install/planner_experiments/lib/python3.10/site-packages/planner_experiments-0.0.0-py3.10.egg-info' (and everything under it)
[0.745s] Copying ../../build/planner_experiments/planner_experiments.egg-info to /home/lavnir/PhD/git/ColaborativeMPC-/ROS2/ros2_ws/install/planner_experiments/lib/python3.10/site-packages/planner_experiments-0.0.0-py3.10.egg-info
[0.746s] running install_scripts
[0.759s] writing list of installed files to '/home/lavnir/PhD/git/ColaborativeMPC-/ROS2/ros2_ws/build/planner_experiments/install.log'
[0.777s] Invoked command in '/home/lavnir/PhD/git/ColaborativeMPC-/ROS2/ros2_ws/src/planner_experiments' returned '0': PYTHONPATH=/home/lavnir/PhD/git/ColaborativeMPC-/ROS2/ros2_ws/build/planner_experiments/prefix_override:/home/lavnir/PhD/git/ColaborativeMPC-/ROS2/ros2_ws/install/planner_experiments/lib/python3.10/site-packages:${PYTHONPATH} /usr/bin/python3 setup.py egg_info --egg-base ../../build/planner_experiments build --build-base /home/lavnir/PhD/git/ColaborativeMPC-/ROS2/ros2_ws/build/planner_experiments/build install --record /home/lavnir/PhD/git/ColaborativeMPC-/ROS2/ros2_ws/build/planner_experiments/install.log --single-version-externally-managed
