running egg_info
creating ../../build/planner_experiments/planner_experiments.egg-info
writing ../../build/planner_experiments/planner_experiments.egg-info/PKG-INFO
writing dependency_links to ../../build/planner_experiments/planner_experiments.egg-info/dependency_links.txt
writing entry points to ../../build/planner_experiments/planner_experiments.egg-info/entry_points.txt
writing requirements to ../../build/planner_experiments/planner_experiments.egg-info/requires.txt
writing top-level names to ../../build/planner_experiments/planner_experiments.egg-info/top_level.txt
writing manifest file '../../build/planner_experiments/planner_experiments.egg-info/SOURCES.txt'
reading manifest file '../../build/planner_experiments/planner_experiments.egg-info/SOURCES.txt'
writing manifest file '../../build/planner_experiments/planner_experiments.egg-info/SOURCES.txt'
running build
running build_py
creating /home/lavnir/PhD/git/ColaborativeMPC-/ROS2/ros2_ws/build/planner_experiments/build
creating /home/lavnir/PhD/git/ColaborativeMPC-/ROS2/ros2_ws/build/planner_experiments/build/lib
creating /home/lavnir/PhD/git/ColaborativeMPC-/ROS2/ros2_ws/build/planner_experiments/build/lib/planner_experiments
copying planner_experiments/__init__.py -> /home/lavnir/PhD/git/ColaborativeMPC-/ROS2/ros2_ws/build/planner_experiments/build/lib/planner_experiments
running install
/usr/lib/python3/dist-packages/setuptools/command/install.py:34: SetuptoolsDeprecationWarning: setup.py install is deprecated. Use build and pip and other standards-based tools.
  warnings.warn(
running install_lib
creating /home/lavnir/PhD/git/ColaborativeMPC-/ROS2/ros2_ws/install/planner_experiments/lib/python3.10/site-packages/planner_experiments
copying /home/lavnir/PhD/git/ColaborativeMPC-/ROS2/ros2_ws/build/planner_experiments/build/lib/planner_experiments/__init__.py -> /home/lavnir/PhD/git/ColaborativeMPC-/ROS2/ros2_ws/install/planner_experiments/lib/python3.10/site-packages/planner_experiments
byte-compiling /home/lavnir/PhD/git/ColaborativeMPC-/ROS2/ros2_ws/install/planner_experiments/lib/python3.10/site-packages/planner_experiments/__init__.py to __init__.cpython-310.pyc
running install_data
creating /home/lavnir/PhD/git/ColaborativeMPC-/ROS2/ros2_ws/install/planner_experiments/share/ament_index
creating /home/lavnir/PhD/git/ColaborativeMPC-/ROS2/ros2_ws/install/planner_experiments/share/ament_index/resource_index
creating /home/lavnir/PhD/git/ColaborativeMPC-/ROS2/ros2_ws/install/planner_experiments/share/ament_index/resource_index/packages
copying resource/planner_experiments -> /home/lavnir/PhD/git/ColaborativeMPC-/ROS2/ros2_ws/install/planner_experiments/share/ament_index/resource_index/packages
copying package.xml -> /home/lavnir/PhD/git/ColaborativeMPC-/ROS2/ros2_ws/install/planner_experiments/share/planner_experiments
running install_egg_info
Copying ../../build/planner_experiments/planner_experiments.egg-info to /home/lavnir/PhD/git/ColaborativeMPC-/ROS2/ros2_ws/install/planner_experiments/lib/python3.10/site-packages/planner_experiments-0.0.0-py3.10.egg-info
running install_scripts
writing list of installed files to '/home/lavnir/PhD/git/ColaborativeMPC-/ROS2/ros2_ws/build/planner_experiments/install.log'
