[0.484s] Invoking command in '/home/lavnir/PhD/git/ColaborativeMPC-/ROS2/ros2_ws/src/planner_experiments': PYTHONPATH=/home/lavnir/PhD/git/ColaborativeMPC-/ROS2/ros2_ws/build/planner_experiments/prefix_override:/home/lavnir/PhD/git/ColaborativeMPC-/ROS2/ros2_ws/install/planner_experiments/lib/python3.10/site-packages:${PYTHONPATH} /usr/bin/python3 setup.py egg_info --egg-base ../../build/planner_experiments build --build-base /home/lavnir/PhD/git/ColaborativeMPC-/ROS2/ros2_ws/build/planner_experiments/build install --record /home/lavnir/PhD/git/ColaborativeMPC-/ROS2/ros2_ws/build/planner_experiments/install.log --single-version-externally-managed
[0.615s] running egg_info
[0.615s] creating ../../build/planner_experiments/planner_experiments.egg-info
[0.615s] writing ../../build/planner_experiments/planner_experiments.egg-info/PKG-INFO
[0.616s] writing dependency_links to ../../build/planner_experiments/planner_experiments.egg-info/dependency_links.txt
[0.616s] writing entry points to ../../build/planner_experiments/planner_experiments.egg-info/entry_points.txt
[0.616s] writing requirements to ../../build/planner_experiments/planner_experiments.egg-info/requires.txt
[0.616s] writing top-level names to ../../build/planner_experiments/planner_experiments.egg-info/top_level.txt
[0.616s] writing manifest file '../../build/planner_experiments/planner_experiments.egg-info/SOURCES.txt'
[0.616s] reading manifest file '../../build/planner_experiments/planner_experiments.egg-info/SOURCES.txt'
[0.617s] writing manifest file '../../build/planner_experiments/planner_experiments.egg-info/SOURCES.txt'
[0.617s] running build
[0.617s] running build_py
[0.617s] creating /home/lavnir/PhD/git/ColaborativeMPC-/ROS2/ros2_ws/build/planner_experiments/build
[0.617s] creating /home/lavnir/PhD/git/ColaborativeMPC-/ROS2/ros2_ws/build/planner_experiments/build/lib
[0.617s] creating /home/lavnir/PhD/git/ColaborativeMPC-/ROS2/ros2_ws/build/planner_experiments/build/lib/planner_experiments
[0.617s] copying planner_experiments/__init__.py -> /home/lavnir/PhD/git/ColaborativeMPC-/ROS2/ros2_ws/build/planner_experiments/build/lib/planner_experiments
[0.617s] running install
[0.617s] /usr/lib/python3/dist-packages/setuptools/command/install.py:34: SetuptoolsDeprecationWarning: setup.py install is deprecated. Use build and pip and other standards-based tools.
[0.617s]   warnings.warn(
[0.617s] running install_lib
[0.618s] creating /home/lavnir/PhD/git/ColaborativeMPC-/ROS2/ros2_ws/install/planner_experiments/lib/python3.10/site-packages/planner_experiments
[0.618s] copying /home/lavnir/PhD/git/ColaborativeMPC-/ROS2/ros2_ws/build/planner_experiments/build/lib/planner_experiments/__init__.py -> /home/lavnir/PhD/git/ColaborativeMPC-/ROS2/ros2_ws/install/planner_experiments/lib/python3.10/site-packages/planner_experiments
[0.618s] byte-compiling /home/lavnir/PhD/git/ColaborativeMPC-/ROS2/ros2_ws/install/planner_experiments/lib/python3.10/site-packages/planner_experiments/__init__.py to __init__.cpython-310.pyc
[0.618s] running install_data
[0.618s] creating /home/lavnir/PhD/git/ColaborativeMPC-/ROS2/ros2_ws/install/planner_experiments/share/ament_index
[0.618s] creating /home/lavnir/PhD/git/ColaborativeMPC-/ROS2/ros2_ws/install/planner_experiments/share/ament_index/resource_index
[0.618s] creating /home/lavnir/PhD/git/ColaborativeMPC-/ROS2/ros2_ws/install/planner_experiments/share/ament_index/resource_index/packages
[0.618s] copying resource/planner_experiments -> /home/lavnir/PhD/git/ColaborativeMPC-/ROS2/ros2_ws/install/planner_experiments/share/ament_index/resource_index/packages
[0.618s] copying package.xml -> /home/lavnir/PhD/git/ColaborativeMPC-/ROS2/ros2_ws/install/planner_experiments/share/planner_experiments
[0.618s] running install_egg_info
[0.619s] Copying ../../build/planner_experiments/planner_experiments.egg-info to /home/lavnir/PhD/git/ColaborativeMPC-/ROS2/ros2_ws/install/planner_experiments/lib/python3.10/site-packages/planner_experiments-0.0.0-py3.10.egg-info
[0.620s] running install_scripts
[0.633s] writing list of installed files to '/home/lavnir/PhD/git/ColaborativeMPC-/ROS2/ros2_ws/build/planner_experiments/install.log'
[0.649s] Invoked command in '/home/lavnir/PhD/git/ColaborativeMPC-/ROS2/ros2_ws/src/planner_experiments' returned '0': PYTHONPATH=/home/lavnir/PhD/git/ColaborativeMPC-/ROS2/ros2_ws/build/planner_experiments/prefix_override:/home/lavnir/PhD/git/ColaborativeMPC-/ROS2/ros2_ws/install/planner_experiments/lib/python3.10/site-packages:${PYTHONPATH} /usr/bin/python3 setup.py egg_info --egg-base ../../build/planner_experiments build --build-base /home/lavnir/PhD/git/ColaborativeMPC-/ROS2/ros2_ws/build/planner_experiments/build install --record /home/lavnir/PhD/git/ColaborativeMPC-/ROS2/ros2_ws/build/planner_experiments/install.log --single-version-externally-managed
