[0.607s] Invoking command in '/home/lavnir/PhD/git/ColaborativeMPC-/ROS2/ros2_ws/src/py_pubsub': PYTHONPATH=/home/lavnir/PhD/git/ColaborativeMPC-/ROS2/ros2_ws/build/py_pubsub/prefix_override:/home/lavnir/PhD/git/ColaborativeMPC-/ROS2/ros2_ws/install/py_pubsub/lib/python3.10/site-packages:${PYTHONPATH} /usr/bin/python3 setup.py egg_info --egg-base ../../build/py_pubsub build --build-base /home/lavnir/PhD/git/ColaborativeMPC-/ROS2/ros2_ws/build/py_pubsub/build install --record /home/lavnir/PhD/git/ColaborativeMPC-/ROS2/ros2_ws/build/py_pubsub/install.log --single-version-externally-managed
[0.739s] running egg_info
[0.740s] writing ../../build/py_pubsub/py_pubsub.egg-info/PKG-INFO
[0.740s] writing dependency_links to ../../build/py_pubsub/py_pubsub.egg-info/dependency_links.txt
[0.740s] writing entry points to ../../build/py_pubsub/py_pubsub.egg-info/entry_points.txt
[0.740s] writing requirements to ../../build/py_pubsub/py_pubsub.egg-info/requires.txt
[0.740s] writing top-level names to ../../build/py_pubsub/py_pubsub.egg-info/top_level.txt
[0.740s] reading manifest file '../../build/py_pubsub/py_pubsub.egg-info/SOURCES.txt'
[0.741s] writing manifest file '../../build/py_pubsub/py_pubsub.egg-info/SOURCES.txt'
[0.741s] running build
[0.741s] running build_py
[0.741s] running install
[0.741s] /usr/lib/python3/dist-packages/setuptools/command/install.py:34: SetuptoolsDeprecationWarning: setup.py install is deprecated. Use build and pip and other standards-based tools.
[0.741s]   warnings.warn(
[0.741s] running install_lib
[0.742s] running install_data
[0.742s] running install_egg_info
[0.743s] removing '/home/lavnir/PhD/git/ColaborativeMPC-/ROS2/ros2_ws/install/py_pubsub/lib/python3.10/site-packages/py_pubsub-0.0.0-py3.10.egg-info' (and everything under it)
[0.743s] Copying ../../build/py_pubsub/py_pubsub.egg-info to /home/lavnir/PhD/git/ColaborativeMPC-/ROS2/ros2_ws/install/py_pubsub/lib/python3.10/site-packages/py_pubsub-0.0.0-py3.10.egg-info
[0.744s] running install_scripts
[0.757s] Installing listener script to /home/lavnir/PhD/git/ColaborativeMPC-/ROS2/ros2_ws/install/py_pubsub/lib/py_pubsub
[0.757s] Installing talker script to /home/lavnir/PhD/git/ColaborativeMPC-/ROS2/ros2_ws/install/py_pubsub/lib/py_pubsub
[0.757s] writing list of installed files to '/home/lavnir/PhD/git/ColaborativeMPC-/ROS2/ros2_ws/build/py_pubsub/install.log'
[0.779s] Invoked command in '/home/lavnir/PhD/git/ColaborativeMPC-/ROS2/ros2_ws/src/py_pubsub' returned '0': PYTHONPATH=/home/lavnir/PhD/git/ColaborativeMPC-/ROS2/ros2_ws/build/py_pubsub/prefix_override:/home/lavnir/PhD/git/ColaborativeMPC-/ROS2/ros2_ws/install/py_pubsub/lib/python3.10/site-packages:${PYTHONPATH} /usr/bin/python3 setup.py egg_info --egg-base ../../build/py_pubsub build --build-base /home/lavnir/PhD/git/ColaborativeMPC-/ROS2/ros2_ws/build/py_pubsub/build install --record /home/lavnir/PhD/git/ColaborativeMPC-/ROS2/ros2_ws/build/py_pubsub/install.log --single-version-externally-managed
