[0.181s] DEBUG:colcon:Command line arguments: ['/usr/bin/colcon', 'build']
[0.181s] DEBUG:colcon:Parsed command line arguments: Namespace(log_base=None, log_level=None, verb_name='build', build_base='build', install_base='install', merge_install=False, symlink_install=False, test_result_base=None, continue_on_error=False, executor='parallel', parallel_workers=20, event_handlers=None, ignore_user_meta=False, metas=['./colcon.meta'], base_paths=['.'], packages_ignore=None, packages_ignore_regex=None, paths=None, packages_up_to=None, packages_up_to_regex=None, packages_above=None, packages_above_and_dependencies=None, packages_above_depth=None, packages_select_by_dep=None, packages_skip_by_dep=None, packages_skip_up_to=None, packages_select_build_failed=False, packages_skip_build_finished=False, packages_select_test_failures=False, packages_skip_test_passed=False, packages_select=None, packages_skip=None, packages_select_regex=None, packages_skip_regex=None, packages_start=None, packages_end=None, allow_overriding=[], cmake_args=None, cmake_target=None, cmake_target_skip_unavailable=False, cmake_clean_cache=False, cmake_clean_first=False, cmake_force_configure=False, ament_cmake_args=None, catkin_cmake_args=None, catkin_skip_building_tests=False, verb_parser=<colcon_defaults.argument_parser.defaults.DefaultArgumentsDecorator object at 0x7fc962ca36a0>, verb_extension=<colcon_core.verb.build.BuildVerb object at 0x7fc963539e10>, main=<bound method BuildVerb.main of <colcon_core.verb.build.BuildVerb object at 0x7fc963539e10>>)
[0.199s] Level 1:colcon.colcon_core.package_discovery:discover_packages(colcon_meta) check parameters
[0.199s] Level 1:colcon.colcon_core.package_discovery:discover_packages(recursive) check parameters
[0.199s] Level 1:colcon.colcon_core.package_discovery:discover_packages(ignore) check parameters
[0.199s] Level 1:colcon.colcon_core.package_discovery:discover_packages(path) check parameters
[0.199s] Level 1:colcon.colcon_core.package_discovery:discover_packages(colcon_meta) discover
[0.200s] Level 1:colcon.colcon_core.package_discovery:discover_packages(recursive) discover
[0.200s] INFO:colcon.colcon_core.package_discovery:Crawling recursively for packages in '/home/lavnir/PhD/git/ColaborativeMPC-/ROS2/ros2_ws'
[0.200s] Level 1:colcon.colcon_core.package_identification:_identify(.) by extensions ['ignore', 'ignore_ament_install']
[0.200s] Level 1:colcon.colcon_core.package_identification:_identify(.) by extension 'ignore'
[0.200s] Level 1:colcon.colcon_core.package_identification:_identify(.) by extension 'ignore_ament_install'
[0.200s] Level 1:colcon.colcon_core.package_identification:_identify(.) by extensions ['colcon_pkg']
[0.200s] Level 1:colcon.colcon_core.package_identification:_identify(.) by extension 'colcon_pkg'
[0.200s] Level 1:colcon.colcon_core.package_identification:_identify(.) by extensions ['colcon_meta']
[0.200s] Level 1:colcon.colcon_core.package_identification:_identify(.) by extension 'colcon_meta'
[0.200s] Level 1:colcon.colcon_core.package_identification:_identify(.) by extensions ['ros']
[0.200s] Level 1:colcon.colcon_core.package_identification:_identify(.) by extension 'ros'
[0.207s] Level 1:colcon.colcon_core.package_identification:_identify(.) by extensions ['cmake', 'python']
[0.207s] Level 1:colcon.colcon_core.package_identification:_identify(.) by extension 'cmake'
[0.207s] Level 1:colcon.colcon_core.package_identification:_identify(.) by extension 'python'
[0.207s] Level 1:colcon.colcon_core.package_identification:_identify(.) by extensions ['python_setup_py']
[0.207s] Level 1:colcon.colcon_core.package_identification:_identify(.) by extension 'python_setup_py'
[0.207s] Level 1:colcon.colcon_core.package_identification:_identify(build) by extensions ['ignore', 'ignore_ament_install']
[0.207s] Level 1:colcon.colcon_core.package_identification:_identify(build) by extension 'ignore'
[0.207s] Level 1:colcon.colcon_core.package_identification:_identify(build) ignored
[0.208s] Level 1:colcon.colcon_core.package_identification:_identify(install) by extensions ['ignore', 'ignore_ament_install']
[0.208s] Level 1:colcon.colcon_core.package_identification:_identify(install) by extension 'ignore'
[0.208s] Level 1:colcon.colcon_core.package_identification:_identify(install) ignored
[0.208s] Level 1:colcon.colcon_core.package_identification:_identify(log) by extensions ['ignore', 'ignore_ament_install']
[0.208s] Level 1:colcon.colcon_core.package_identification:_identify(log) by extension 'ignore'
[0.208s] Level 1:colcon.colcon_core.package_identification:_identify(log) ignored
[0.208s] Level 1:colcon.colcon_core.package_identification:_identify(src) by extensions ['ignore', 'ignore_ament_install']
[0.208s] Level 1:colcon.colcon_core.package_identification:_identify(src) by extension 'ignore'
[0.208s] Level 1:colcon.colcon_core.package_identification:_identify(src) by extension 'ignore_ament_install'
[0.208s] Level 1:colcon.colcon_core.package_identification:_identify(src) by extensions ['colcon_pkg']
[0.208s] Level 1:colcon.colcon_core.package_identification:_identify(src) by extension 'colcon_pkg'
[0.208s] Level 1:colcon.colcon_core.package_identification:_identify(src) by extensions ['colcon_meta']
[0.208s] Level 1:colcon.colcon_core.package_identification:_identify(src) by extension 'colcon_meta'
[0.208s] Level 1:colcon.colcon_core.package_identification:_identify(src) by extensions ['ros']
[0.208s] Level 1:colcon.colcon_core.package_identification:_identify(src) by extension 'ros'
[0.208s] Level 1:colcon.colcon_core.package_identification:_identify(src) by extensions ['cmake', 'python']
[0.208s] Level 1:colcon.colcon_core.package_identification:_identify(src) by extension 'cmake'
[0.208s] Level 1:colcon.colcon_core.package_identification:_identify(src) by extension 'python'
[0.208s] Level 1:colcon.colcon_core.package_identification:_identify(src) by extensions ['python_setup_py']
[0.208s] Level 1:colcon.colcon_core.package_identification:_identify(src) by extension 'python_setup_py'
[0.208s] Level 1:colcon.colcon_core.package_identification:_identify(src/build) by extensions ['ignore', 'ignore_ament_install']
[0.208s] Level 1:colcon.colcon_core.package_identification:_identify(src/build) by extension 'ignore'
[0.208s] Level 1:colcon.colcon_core.package_identification:_identify(src/build) ignored
[0.208s] Level 1:colcon.colcon_core.package_identification:_identify(src/install) by extensions ['ignore', 'ignore_ament_install']
[0.208s] Level 1:colcon.colcon_core.package_identification:_identify(src/install) by extension 'ignore'
[0.208s] Level 1:colcon.colcon_core.package_identification:_identify(src/install) ignored
[0.208s] Level 1:colcon.colcon_core.package_identification:_identify(src/log) by extensions ['ignore', 'ignore_ament_install']
[0.208s] Level 1:colcon.colcon_core.package_identification:_identify(src/log) by extension 'ignore'
[0.208s] Level 1:colcon.colcon_core.package_identification:_identify(src/log) ignored
[0.208s] Level 1:colcon.colcon_core.package_identification:_identify(src/planner_experiments) by extensions ['ignore', 'ignore_ament_install']
[0.209s] Level 1:colcon.colcon_core.package_identification:_identify(src/planner_experiments) by extension 'ignore'
[0.209s] Level 1:colcon.colcon_core.package_identification:_identify(src/planner_experiments) by extension 'ignore_ament_install'
[0.209s] Level 1:colcon.colcon_core.package_identification:_identify(src/planner_experiments) by extensions ['colcon_pkg']
[0.209s] Level 1:colcon.colcon_core.package_identification:_identify(src/planner_experiments) by extension 'colcon_pkg'
[0.209s] Level 1:colcon.colcon_core.package_identification:_identify(src/planner_experiments) by extensions ['colcon_meta']
[0.209s] Level 1:colcon.colcon_core.package_identification:_identify(src/planner_experiments) by extension 'colcon_meta'
[0.209s] Level 1:colcon.colcon_core.package_identification:_identify(src/planner_experiments) by extensions ['ros']
[0.209s] Level 1:colcon.colcon_core.package_identification:_identify(src/planner_experiments) by extension 'ros'
[0.210s] DEBUG:colcon.colcon_core.package_identification:Package 'src/planner_experiments' with type 'ros.ament_python' and name 'planner_experiments'
[0.210s] Level 1:colcon.colcon_core.package_identification:_identify(src/py_pubsub) by extensions ['ignore', 'ignore_ament_install']
[0.210s] Level 1:colcon.colcon_core.package_identification:_identify(src/py_pubsub) by extension 'ignore'
[0.210s] Level 1:colcon.colcon_core.package_identification:_identify(src/py_pubsub) by extension 'ignore_ament_install'
[0.210s] Level 1:colcon.colcon_core.package_identification:_identify(src/py_pubsub) by extensions ['colcon_pkg']
[0.210s] Level 1:colcon.colcon_core.package_identification:_identify(src/py_pubsub) by extension 'colcon_pkg'
[0.210s] Level 1:colcon.colcon_core.package_identification:_identify(src/py_pubsub) by extensions ['colcon_meta']
[0.210s] Level 1:colcon.colcon_core.package_identification:_identify(src/py_pubsub) by extension 'colcon_meta'
[0.210s] Level 1:colcon.colcon_core.package_identification:_identify(src/py_pubsub) by extensions ['ros']
[0.210s] Level 1:colcon.colcon_core.package_identification:_identify(src/py_pubsub) by extension 'ros'
[0.211s] DEBUG:colcon.colcon_core.package_identification:Package 'src/py_pubsub' with type 'ros.ament_python' and name 'py_pubsub'
[0.211s] Level 1:colcon.colcon_core.package_identification:_identify(src/py_pubsub_cs) by extensions ['ignore', 'ignore_ament_install']
[0.211s] Level 1:colcon.colcon_core.package_identification:_identify(src/py_pubsub_cs) by extension 'ignore'
[0.211s] Level 1:colcon.colcon_core.package_identification:_identify(src/py_pubsub_cs) by extension 'ignore_ament_install'
[0.211s] Level 1:colcon.colcon_core.package_identification:_identify(src/py_pubsub_cs) by extensions ['colcon_pkg']
[0.211s] Level 1:colcon.colcon_core.package_identification:_identify(src/py_pubsub_cs) by extension 'colcon_pkg'
[0.211s] Level 1:colcon.colcon_core.package_identification:_identify(src/py_pubsub_cs) by extensions ['colcon_meta']
[0.211s] Level 1:colcon.colcon_core.package_identification:_identify(src/py_pubsub_cs) by extension 'colcon_meta'
[0.211s] Level 1:colcon.colcon_core.package_identification:_identify(src/py_pubsub_cs) by extensions ['ros']
[0.211s] Level 1:colcon.colcon_core.package_identification:_identify(src/py_pubsub_cs) by extension 'ros'
[0.211s] DEBUG:colcon.colcon_core.package_identification:Package 'src/py_pubsub_cs' with type 'ros.ament_python' and name 'py_pubsub_cs'
[0.211s] Level 1:colcon.colcon_core.package_identification:_identify(src/tutorial_interfaces) by extensions ['ignore', 'ignore_ament_install']
[0.211s] Level 1:colcon.colcon_core.package_identification:_identify(src/tutorial_interfaces) by extension 'ignore'
[0.211s] Level 1:colcon.colcon_core.package_identification:_identify(src/tutorial_interfaces) by extension 'ignore_ament_install'
[0.211s] Level 1:colcon.colcon_core.package_identification:_identify(src/tutorial_interfaces) by extensions ['colcon_pkg']
[0.211s] Level 1:colcon.colcon_core.package_identification:_identify(src/tutorial_interfaces) by extension 'colcon_pkg'
[0.211s] Level 1:colcon.colcon_core.package_identification:_identify(src/tutorial_interfaces) by extensions ['colcon_meta']
[0.211s] Level 1:colcon.colcon_core.package_identification:_identify(src/tutorial_interfaces) by extension 'colcon_meta'
[0.211s] Level 1:colcon.colcon_core.package_identification:_identify(src/tutorial_interfaces) by extensions ['ros']
[0.212s] Level 1:colcon.colcon_core.package_identification:_identify(src/tutorial_interfaces) by extension 'ros'
[0.212s] DEBUG:colcon.colcon_core.package_identification:Package 'src/tutorial_interfaces' with type 'ros.ament_cmake' and name 'tutorial_interfaces'
[0.212s] Level 1:colcon.colcon_core.package_discovery:discover_packages(recursive) using defaults
[0.212s] Level 1:colcon.colcon_core.package_discovery:discover_packages(ignore) discover
[0.212s] Level 1:colcon.colcon_core.package_discovery:discover_packages(ignore) using defaults
[0.212s] Level 1:colcon.colcon_core.package_discovery:discover_packages(path) discover
[0.212s] Level 1:colcon.colcon_core.package_discovery:discover_packages(path) using defaults
[0.227s] Level 1:colcon.colcon_core.package_discovery:discover_packages(prefix_path) check parameters
[0.227s] Level 1:colcon.colcon_core.package_discovery:discover_packages(prefix_path) discover
[0.228s] DEBUG:colcon.colcon_installed_package_information.package_discovery:Found 4 installed packages in /home/lavnir/PhD/git/ColaborativeMPC-/ROS2/ros2_ws/install
[0.229s] DEBUG:colcon.colcon_installed_package_information.package_discovery:Found 270 installed packages in /opt/ros/humble
[0.230s] Level 1:colcon.colcon_core.package_discovery:discover_packages(prefix_path) using defaults
[0.264s] Level 5:colcon.colcon_core.verb:set package 'planner_experiments' build argument 'cmake_args' from command line to 'None'
[0.264s] Level 5:colcon.colcon_core.verb:set package 'planner_experiments' build argument 'cmake_target' from command line to 'None'
[0.264s] Level 5:colcon.colcon_core.verb:set package 'planner_experiments' build argument 'cmake_target_skip_unavailable' from command line to 'False'
[0.264s] Level 5:colcon.colcon_core.verb:set package 'planner_experiments' build argument 'cmake_clean_cache' from command line to 'False'
[0.264s] Level 5:colcon.colcon_core.verb:set package 'planner_experiments' build argument 'cmake_clean_first' from command line to 'False'
[0.264s] Level 5:colcon.colcon_core.verb:set package 'planner_experiments' build argument 'cmake_force_configure' from command line to 'False'
[0.264s] Level 5:colcon.colcon_core.verb:set package 'planner_experiments' build argument 'ament_cmake_args' from command line to 'None'
[0.264s] Level 5:colcon.colcon_core.verb:set package 'planner_experiments' build argument 'catkin_cmake_args' from command line to 'None'
[0.264s] Level 5:colcon.colcon_core.verb:set package 'planner_experiments' build argument 'catkin_skip_building_tests' from command line to 'False'
[0.264s] DEBUG:colcon.colcon_core.verb:Building package 'planner_experiments' with the following arguments: {'ament_cmake_args': None, 'build_base': '/home/lavnir/PhD/git/ColaborativeMPC-/ROS2/ros2_ws/build/planner_experiments', 'catkin_cmake_args': None, 'catkin_skip_building_tests': False, 'cmake_args': None, 'cmake_clean_cache': False, 'cmake_clean_first': False, 'cmake_force_configure': False, 'cmake_target': None, 'cmake_target_skip_unavailable': False, 'install_base': '/home/lavnir/PhD/git/ColaborativeMPC-/ROS2/ros2_ws/install/planner_experiments', 'merge_install': False, 'path': '/home/lavnir/PhD/git/ColaborativeMPC-/ROS2/ros2_ws/src/planner_experiments', 'symlink_install': False, 'test_result_base': None}
[0.264s] Level 5:colcon.colcon_core.verb:set package 'py_pubsub' build argument 'cmake_args' from command line to 'None'
[0.264s] Level 5:colcon.colcon_core.verb:set package 'py_pubsub' build argument 'cmake_target' from command line to 'None'
[0.264s] Level 5:colcon.colcon_core.verb:set package 'py_pubsub' build argument 'cmake_target_skip_unavailable' from command line to 'False'
[0.264s] Level 5:colcon.colcon_core.verb:set package 'py_pubsub' build argument 'cmake_clean_cache' from command line to 'False'
[0.264s] Level 5:colcon.colcon_core.verb:set package 'py_pubsub' build argument 'cmake_clean_first' from command line to 'False'
[0.264s] Level 5:colcon.colcon_core.verb:set package 'py_pubsub' build argument 'cmake_force_configure' from command line to 'False'
[0.264s] Level 5:colcon.colcon_core.verb:set package 'py_pubsub' build argument 'ament_cmake_args' from command line to 'None'
[0.264s] Level 5:colcon.colcon_core.verb:set package 'py_pubsub' build argument 'catkin_cmake_args' from command line to 'None'
[0.264s] Level 5:colcon.colcon_core.verb:set package 'py_pubsub' build argument 'catkin_skip_building_tests' from command line to 'False'
[0.264s] DEBUG:colcon.colcon_core.verb:Building package 'py_pubsub' with the following arguments: {'ament_cmake_args': None, 'build_base': '/home/lavnir/PhD/git/ColaborativeMPC-/ROS2/ros2_ws/build/py_pubsub', 'catkin_cmake_args': None, 'catkin_skip_building_tests': False, 'cmake_args': None, 'cmake_clean_cache': False, 'cmake_clean_first': False, 'cmake_force_configure': False, 'cmake_target': None, 'cmake_target_skip_unavailable': False, 'install_base': '/home/lavnir/PhD/git/ColaborativeMPC-/ROS2/ros2_ws/install/py_pubsub', 'merge_install': False, 'path': '/home/lavnir/PhD/git/ColaborativeMPC-/ROS2/ros2_ws/src/py_pubsub', 'symlink_install': False, 'test_result_base': None}
[0.265s] Level 5:colcon.colcon_core.verb:set package 'tutorial_interfaces' build argument 'cmake_args' from command line to 'None'
[0.265s] Level 5:colcon.colcon_core.verb:set package 'tutorial_interfaces' build argument 'cmake_target' from command line to 'None'
[0.265s] Level 5:colcon.colcon_core.verb:set package 'tutorial_interfaces' build argument 'cmake_target_skip_unavailable' from command line to 'False'
[0.265s] Level 5:colcon.colcon_core.verb:set package 'tutorial_interfaces' build argument 'cmake_clean_cache' from command line to 'False'
[0.265s] Level 5:colcon.colcon_core.verb:set package 'tutorial_interfaces' build argument 'cmake_clean_first' from command line to 'False'
[0.265s] Level 5:colcon.colcon_core.verb:set package 'tutorial_interfaces' build argument 'cmake_force_configure' from command line to 'False'
[0.265s] Level 5:colcon.colcon_core.verb:set package 'tutorial_interfaces' build argument 'ament_cmake_args' from command line to 'None'
[0.265s] Level 5:colcon.colcon_core.verb:set package 'tutorial_interfaces' build argument 'catkin_cmake_args' from command line to 'None'
[0.265s] Level 5:colcon.colcon_core.verb:set package 'tutorial_interfaces' build argument 'catkin_skip_building_tests' from command line to 'False'
[0.265s] DEBUG:colcon.colcon_core.verb:Building package 'tutorial_interfaces' with the following arguments: {'ament_cmake_args': None, 'build_base': '/home/lavnir/PhD/git/ColaborativeMPC-/ROS2/ros2_ws/build/tutorial_interfaces', 'catkin_cmake_args': None, 'catkin_skip_building_tests': False, 'cmake_args': None, 'cmake_clean_cache': False, 'cmake_clean_first': False, 'cmake_force_configure': False, 'cmake_target': None, 'cmake_target_skip_unavailable': False, 'install_base': '/home/lavnir/PhD/git/ColaborativeMPC-/ROS2/ros2_ws/install/tutorial_interfaces', 'merge_install': False, 'path': '/home/lavnir/PhD/git/ColaborativeMPC-/ROS2/ros2_ws/src/tutorial_interfaces', 'symlink_install': False, 'test_result_base': None}
[0.266s] Level 5:colcon.colcon_core.verb:set package 'py_pubsub_cs' build argument 'cmake_args' from command line to 'None'
[0.266s] Level 5:colcon.colcon_core.verb:set package 'py_pubsub_cs' build argument 'cmake_target' from command line to 'None'
[0.266s] Level 5:colcon.colcon_core.verb:set package 'py_pubsub_cs' build argument 'cmake_target_skip_unavailable' from command line to 'False'
[0.266s] Level 5:colcon.colcon_core.verb:set package 'py_pubsub_cs' build argument 'cmake_clean_cache' from command line to 'False'
[0.266s] Level 5:colcon.colcon_core.verb:set package 'py_pubsub_cs' build argument 'cmake_clean_first' from command line to 'False'
[0.266s] Level 5:colcon.colcon_core.verb:set package 'py_pubsub_cs' build argument 'cmake_force_configure' from command line to 'False'
[0.266s] Level 5:colcon.colcon_core.verb:set package 'py_pubsub_cs' build argument 'ament_cmake_args' from command line to 'None'
[0.266s] Level 5:colcon.colcon_core.verb:set package 'py_pubsub_cs' build argument 'catkin_cmake_args' from command line to 'None'
[0.266s] Level 5:colcon.colcon_core.verb:set package 'py_pubsub_cs' build argument 'catkin_skip_building_tests' from command line to 'False'
[0.266s] DEBUG:colcon.colcon_core.verb:Building package 'py_pubsub_cs' with the following arguments: {'ament_cmake_args': None, 'build_base': '/home/lavnir/PhD/git/ColaborativeMPC-/ROS2/ros2_ws/build/py_pubsub_cs', 'catkin_cmake_args': None, 'catkin_skip_building_tests': False, 'cmake_args': None, 'cmake_clean_cache': False, 'cmake_clean_first': False, 'cmake_force_configure': False, 'cmake_target': None, 'cmake_target_skip_unavailable': False, 'install_base': '/home/lavnir/PhD/git/ColaborativeMPC-/ROS2/ros2_ws/install/py_pubsub_cs', 'merge_install': False, 'path': '/home/lavnir/PhD/git/ColaborativeMPC-/ROS2/ros2_ws/src/py_pubsub_cs', 'symlink_install': False, 'test_result_base': None}
[0.266s] INFO:colcon.colcon_core.executor:Executing jobs using 'parallel' executor
[0.268s] DEBUG:colcon.colcon_parallel_executor.executor.parallel:run_until_complete
[0.268s] INFO:colcon.colcon_ros.task.ament_cmake.build:Building ROS package in '/home/lavnir/PhD/git/ColaborativeMPC-/ROS2/ros2_ws/src/tutorial_interfaces' with build type 'ament_cmake'
[0.268s] INFO:colcon.colcon_cmake.task.cmake.build:Building CMake package in '/home/lavnir/PhD/git/ColaborativeMPC-/ROS2/ros2_ws/src/tutorial_interfaces'
[0.271s] INFO:colcon.colcon_core.plugin_system:Skipping extension 'colcon_core.shell.bat': Not used on non-Windows systems
[0.271s] INFO:colcon.colcon_core.shell:Skip shell extension 'powershell' for command environment: Not usable outside of PowerShell
[0.271s] DEBUG:colcon.colcon_core.shell:Skip shell extension 'dsv' for command environment
[0.274s] INFO:colcon.colcon_ros.task.ament_python.build:Building ROS package in '/home/lavnir/PhD/git/ColaborativeMPC-/ROS2/ros2_ws/src/planner_experiments' with build type 'ament_python'
[0.274s] Level 1:colcon.colcon_core.shell:create_environment_hook('planner_experiments', 'ament_prefix_path')
[0.275s] INFO:colcon.colcon_core.shell:Creating environment hook '/home/lavnir/PhD/git/ColaborativeMPC-/ROS2/ros2_ws/install/planner_experiments/share/planner_experiments/hook/ament_prefix_path.ps1'
[0.275s] INFO:colcon.colcon_core.shell:Creating environment descriptor '/home/lavnir/PhD/git/ColaborativeMPC-/ROS2/ros2_ws/install/planner_experiments/share/planner_experiments/hook/ament_prefix_path.dsv'
[0.275s] INFO:colcon.colcon_core.shell:Creating environment hook '/home/lavnir/PhD/git/ColaborativeMPC-/ROS2/ros2_ws/install/planner_experiments/share/planner_experiments/hook/ament_prefix_path.sh'
[0.276s] INFO:colcon.colcon_core.shell:Skip shell extension 'powershell' for command environment: Not usable outside of PowerShell
[0.276s] DEBUG:colcon.colcon_core.shell:Skip shell extension 'dsv' for command environment
[0.278s] INFO:colcon.colcon_ros.task.ament_python.build:Building ROS package in '/home/lavnir/PhD/git/ColaborativeMPC-/ROS2/ros2_ws/src/py_pubsub' with build type 'ament_python'
[0.278s] Level 1:colcon.colcon_core.shell:create_environment_hook('py_pubsub', 'ament_prefix_path')
[0.279s] INFO:colcon.colcon_core.shell:Creating environment hook '/home/lavnir/PhD/git/ColaborativeMPC-/ROS2/ros2_ws/install/py_pubsub/share/py_pubsub/hook/ament_prefix_path.ps1'
[0.279s] INFO:colcon.colcon_core.shell:Creating environment descriptor '/home/lavnir/PhD/git/ColaborativeMPC-/ROS2/ros2_ws/install/py_pubsub/share/py_pubsub/hook/ament_prefix_path.dsv'
[0.280s] INFO:colcon.colcon_core.shell:Creating environment hook '/home/lavnir/PhD/git/ColaborativeMPC-/ROS2/ros2_ws/install/py_pubsub/share/py_pubsub/hook/ament_prefix_path.sh'
[0.280s] INFO:colcon.colcon_core.shell:Skip shell extension 'powershell' for command environment: Not usable outside of PowerShell
[0.280s] DEBUG:colcon.colcon_core.shell:Skip shell extension 'dsv' for command environment
[0.286s] DEBUG:colcon.colcon_core.event_handler.log_command:Invoking command in '/home/lavnir/PhD/git/ColaborativeMPC-/ROS2/ros2_ws/build/tutorial_interfaces': CMAKE_PREFIX_PATH=${CMAKE_PREFIX_PATH}:/home/lavnir/PhD/git/ColaborativeMPC-/ROS2/ros2_ws/install/py_pubsub_cs:/home/lavnir/PhD/git/ColaborativeMPC-/ROS2/ros2_ws/install/py_pubsub:/home/lavnir/PhD/git/ColaborativeMPC-/ROS2/ros2_ws/install/planner_experiments:/opt/ros/humble /usr/bin/cmake --build /home/lavnir/PhD/git/ColaborativeMPC-/ROS2/ros2_ws/build/tutorial_interfaces -- -j20 -l20
[0.431s] INFO:colcon.colcon_core.task.python.build:Building Python package in '/home/lavnir/PhD/git/ColaborativeMPC-/ROS2/ros2_ws/src/planner_experiments'
[0.431s] INFO:colcon.colcon_core.shell:Skip shell extension 'powershell' for command environment: Not usable outside of PowerShell
[0.432s] DEBUG:colcon.colcon_core.shell:Skip shell extension 'dsv' for command environment
[0.580s] INFO:colcon.colcon_core.task.python.build:Building Python package in '/home/lavnir/PhD/git/ColaborativeMPC-/ROS2/ros2_ws/src/py_pubsub'
[0.581s] INFO:colcon.colcon_core.shell:Skip shell extension 'powershell' for command environment: Not usable outside of PowerShell
[0.581s] DEBUG:colcon.colcon_core.shell:Skip shell extension 'dsv' for command environment
[0.587s] DEBUG:colcon.colcon_core.event_handler.log_command:Invoked command in '/home/lavnir/PhD/git/ColaborativeMPC-/ROS2/ros2_ws/build/tutorial_interfaces' returned '0': CMAKE_PREFIX_PATH=${CMAKE_PREFIX_PATH}:/home/lavnir/PhD/git/ColaborativeMPC-/ROS2/ros2_ws/install/py_pubsub_cs:/home/lavnir/PhD/git/ColaborativeMPC-/ROS2/ros2_ws/install/py_pubsub:/home/lavnir/PhD/git/ColaborativeMPC-/ROS2/ros2_ws/install/planner_experiments:/opt/ros/humble /usr/bin/cmake --build /home/lavnir/PhD/git/ColaborativeMPC-/ROS2/ros2_ws/build/tutorial_interfaces -- -j20 -l20
[0.633s] DEBUG:colcon.colcon_core.event_handler.log_command:Invoking command in '/home/lavnir/PhD/git/ColaborativeMPC-/ROS2/ros2_ws/build/tutorial_interfaces': CMAKE_PREFIX_PATH=${CMAKE_PREFIX_PATH}:/home/lavnir/PhD/git/ColaborativeMPC-/ROS2/ros2_ws/install/py_pubsub_cs:/home/lavnir/PhD/git/ColaborativeMPC-/ROS2/ros2_ws/install/py_pubsub:/home/lavnir/PhD/git/ColaborativeMPC-/ROS2/ros2_ws/install/planner_experiments:/opt/ros/humble /usr/bin/cmake --install /home/lavnir/PhD/git/ColaborativeMPC-/ROS2/ros2_ws/build/tutorial_interfaces
[0.667s] Level 1:colcon.colcon_core.environment:create_environment_scripts_only(tutorial_interfaces)
[0.669s] DEBUG:colcon.colcon_core.event_handler.log_command:Invoked command in '/home/lavnir/PhD/git/ColaborativeMPC-/ROS2/ros2_ws/build/tutorial_interfaces' returned '0': CMAKE_PREFIX_PATH=${CMAKE_PREFIX_PATH}:/home/lavnir/PhD/git/ColaborativeMPC-/ROS2/ros2_ws/install/py_pubsub_cs:/home/lavnir/PhD/git/ColaborativeMPC-/ROS2/ros2_ws/install/py_pubsub:/home/lavnir/PhD/git/ColaborativeMPC-/ROS2/ros2_ws/install/planner_experiments:/opt/ros/humble /usr/bin/cmake --install /home/lavnir/PhD/git/ColaborativeMPC-/ROS2/ros2_ws/build/tutorial_interfaces
[0.672s] Level 1:colcon.colcon_core.environment:checking '/home/lavnir/PhD/git/ColaborativeMPC-/ROS2/ros2_ws/install/tutorial_interfaces' for CMake module files
[0.673s] Level 1:colcon.colcon_core.environment:checking '/home/lavnir/PhD/git/ColaborativeMPC-/ROS2/ros2_ws/install/tutorial_interfaces' for CMake config files
[0.673s] Level 1:colcon.colcon_core.shell:create_environment_hook('tutorial_interfaces', 'cmake_prefix_path')
[0.674s] INFO:colcon.colcon_core.shell:Creating environment hook '/home/lavnir/PhD/git/ColaborativeMPC-/ROS2/ros2_ws/install/tutorial_interfaces/share/tutorial_interfaces/hook/cmake_prefix_path.ps1'
[0.674s] INFO:colcon.colcon_core.shell:Creating environment descriptor '/home/lavnir/PhD/git/ColaborativeMPC-/ROS2/ros2_ws/install/tutorial_interfaces/share/tutorial_interfaces/hook/cmake_prefix_path.dsv'
[0.674s] INFO:colcon.colcon_core.shell:Creating environment hook '/home/lavnir/PhD/git/ColaborativeMPC-/ROS2/ros2_ws/install/tutorial_interfaces/share/tutorial_interfaces/hook/cmake_prefix_path.sh'
[0.674s] Level 1:colcon.colcon_core.environment:checking '/home/lavnir/PhD/git/ColaborativeMPC-/ROS2/ros2_ws/install/tutorial_interfaces/lib'
[0.675s] Level 1:colcon.colcon_core.shell:create_environment_hook('tutorial_interfaces', 'ld_library_path_lib')
[0.675s] INFO:colcon.colcon_core.shell:Creating environment hook '/home/lavnir/PhD/git/ColaborativeMPC-/ROS2/ros2_ws/install/tutorial_interfaces/share/tutorial_interfaces/hook/ld_library_path_lib.ps1'
[0.675s] INFO:colcon.colcon_core.shell:Creating environment descriptor '/home/lavnir/PhD/git/ColaborativeMPC-/ROS2/ros2_ws/install/tutorial_interfaces/share/tutorial_interfaces/hook/ld_library_path_lib.dsv'
[0.676s] INFO:colcon.colcon_core.shell:Creating environment hook '/home/lavnir/PhD/git/ColaborativeMPC-/ROS2/ros2_ws/install/tutorial_interfaces/share/tutorial_interfaces/hook/ld_library_path_lib.sh'
[0.676s] Level 1:colcon.colcon_core.environment:checking '/home/lavnir/PhD/git/ColaborativeMPC-/ROS2/ros2_ws/install/tutorial_interfaces/bin'
[0.676s] Level 1:colcon.colcon_core.environment:checking '/home/lavnir/PhD/git/ColaborativeMPC-/ROS2/ros2_ws/install/tutorial_interfaces/lib/pkgconfig/tutorial_interfaces.pc'
[0.676s] Level 1:colcon.colcon_core.environment:checking '/home/lavnir/PhD/git/ColaborativeMPC-/ROS2/ros2_ws/install/tutorial_interfaces/lib/python3.10/site-packages'
[0.676s] Level 1:colcon.colcon_core.environment:checking '/home/lavnir/PhD/git/ColaborativeMPC-/ROS2/ros2_ws/install/tutorial_interfaces/bin'
[0.677s] INFO:colcon.colcon_core.shell:Creating package script '/home/lavnir/PhD/git/ColaborativeMPC-/ROS2/ros2_ws/install/tutorial_interfaces/share/tutorial_interfaces/package.ps1'
[0.677s] INFO:colcon.colcon_core.shell:Creating package descriptor '/home/lavnir/PhD/git/ColaborativeMPC-/ROS2/ros2_ws/install/tutorial_interfaces/share/tutorial_interfaces/package.dsv'
[0.678s] INFO:colcon.colcon_core.shell:Creating package script '/home/lavnir/PhD/git/ColaborativeMPC-/ROS2/ros2_ws/install/tutorial_interfaces/share/tutorial_interfaces/package.sh'
[0.678s] INFO:colcon.colcon_core.shell:Creating package script '/home/lavnir/PhD/git/ColaborativeMPC-/ROS2/ros2_ws/install/tutorial_interfaces/share/tutorial_interfaces/package.bash'
[0.678s] INFO:colcon.colcon_core.shell:Creating package script '/home/lavnir/PhD/git/ColaborativeMPC-/ROS2/ros2_ws/install/tutorial_interfaces/share/tutorial_interfaces/package.zsh'
[0.679s] Level 1:colcon.colcon_core.environment:create_file_with_runtime_dependencies(/home/lavnir/PhD/git/ColaborativeMPC-/ROS2/ros2_ws/install/tutorial_interfaces/share/colcon-core/packages/tutorial_interfaces)
[0.718s] Level 1:colcon.colcon_core.environment:create_environment_scripts_only(tutorial_interfaces)
[0.719s] Level 1:colcon.colcon_core.environment:checking '/home/lavnir/PhD/git/ColaborativeMPC-/ROS2/ros2_ws/install/tutorial_interfaces' for CMake module files
[0.719s] Level 1:colcon.colcon_core.environment:checking '/home/lavnir/PhD/git/ColaborativeMPC-/ROS2/ros2_ws/install/tutorial_interfaces' for CMake config files
[0.720s] Level 1:colcon.colcon_core.shell:create_environment_hook('tutorial_interfaces', 'cmake_prefix_path')
[0.721s] INFO:colcon.colcon_core.shell:Creating environment hook '/home/lavnir/PhD/git/ColaborativeMPC-/ROS2/ros2_ws/install/tutorial_interfaces/share/tutorial_interfaces/hook/cmake_prefix_path.ps1'
[0.721s] INFO:colcon.colcon_core.shell:Creating environment descriptor '/home/lavnir/PhD/git/ColaborativeMPC-/ROS2/ros2_ws/install/tutorial_interfaces/share/tutorial_interfaces/hook/cmake_prefix_path.dsv'
[0.721s] INFO:colcon.colcon_core.shell:Creating environment hook '/home/lavnir/PhD/git/ColaborativeMPC-/ROS2/ros2_ws/install/tutorial_interfaces/share/tutorial_interfaces/hook/cmake_prefix_path.sh'
[0.721s] Level 1:colcon.colcon_core.environment:checking '/home/lavnir/PhD/git/ColaborativeMPC-/ROS2/ros2_ws/install/tutorial_interfaces/lib'
[0.721s] Level 1:colcon.colcon_core.shell:create_environment_hook('tutorial_interfaces', 'ld_library_path_lib')
[0.722s] INFO:colcon.colcon_core.shell:Creating environment hook '/home/lavnir/PhD/git/ColaborativeMPC-/ROS2/ros2_ws/install/tutorial_interfaces/share/tutorial_interfaces/hook/ld_library_path_lib.ps1'
[0.722s] INFO:colcon.colcon_core.shell:Creating environment descriptor '/home/lavnir/PhD/git/ColaborativeMPC-/ROS2/ros2_ws/install/tutorial_interfaces/share/tutorial_interfaces/hook/ld_library_path_lib.dsv'
[0.722s] INFO:colcon.colcon_core.shell:Creating environment hook '/home/lavnir/PhD/git/ColaborativeMPC-/ROS2/ros2_ws/install/tutorial_interfaces/share/tutorial_interfaces/hook/ld_library_path_lib.sh'
[0.723s] Level 1:colcon.colcon_core.environment:checking '/home/lavnir/PhD/git/ColaborativeMPC-/ROS2/ros2_ws/install/tutorial_interfaces/bin'
[0.723s] Level 1:colcon.colcon_core.environment:checking '/home/lavnir/PhD/git/ColaborativeMPC-/ROS2/ros2_ws/install/tutorial_interfaces/lib/pkgconfig/tutorial_interfaces.pc'
[0.723s] Level 1:colcon.colcon_core.environment:checking '/home/lavnir/PhD/git/ColaborativeMPC-/ROS2/ros2_ws/install/tutorial_interfaces/lib/python3.10/site-packages'
[0.723s] Level 1:colcon.colcon_core.environment:checking '/home/lavnir/PhD/git/ColaborativeMPC-/ROS2/ros2_ws/install/tutorial_interfaces/bin'
[0.724s] INFO:colcon.colcon_core.shell:Creating package script '/home/lavnir/PhD/git/ColaborativeMPC-/ROS2/ros2_ws/install/tutorial_interfaces/share/tutorial_interfaces/package.ps1'
[0.724s] INFO:colcon.colcon_core.shell:Creating package descriptor '/home/lavnir/PhD/git/ColaborativeMPC-/ROS2/ros2_ws/install/tutorial_interfaces/share/tutorial_interfaces/package.dsv'
[0.724s] INFO:colcon.colcon_core.shell:Creating package script '/home/lavnir/PhD/git/ColaborativeMPC-/ROS2/ros2_ws/install/tutorial_interfaces/share/tutorial_interfaces/package.sh'
[0.724s] INFO:colcon.colcon_core.shell:Creating package script '/home/lavnir/PhD/git/ColaborativeMPC-/ROS2/ros2_ws/install/tutorial_interfaces/share/tutorial_interfaces/package.bash'
[0.725s] INFO:colcon.colcon_core.shell:Creating package script '/home/lavnir/PhD/git/ColaborativeMPC-/ROS2/ros2_ws/install/tutorial_interfaces/share/tutorial_interfaces/package.zsh'
[0.725s] Level 1:colcon.colcon_core.environment:create_file_with_runtime_dependencies(/home/lavnir/PhD/git/ColaborativeMPC-/ROS2/ros2_ws/install/tutorial_interfaces/share/colcon-core/packages/tutorial_interfaces)
[0.725s] INFO:colcon.colcon_ros.task.ament_python.build:Building ROS package in '/home/lavnir/PhD/git/ColaborativeMPC-/ROS2/ros2_ws/src/py_pubsub_cs' with build type 'ament_python'
[0.725s] Level 1:colcon.colcon_core.shell:create_environment_hook('py_pubsub_cs', 'ament_prefix_path')
[0.726s] INFO:colcon.colcon_core.shell:Creating environment hook '/home/lavnir/PhD/git/ColaborativeMPC-/ROS2/ros2_ws/install/py_pubsub_cs/share/py_pubsub_cs/hook/ament_prefix_path.ps1'
[0.726s] INFO:colcon.colcon_core.shell:Creating environment descriptor '/home/lavnir/PhD/git/ColaborativeMPC-/ROS2/ros2_ws/install/py_pubsub_cs/share/py_pubsub_cs/hook/ament_prefix_path.dsv'
[0.726s] INFO:colcon.colcon_core.shell:Creating environment hook '/home/lavnir/PhD/git/ColaborativeMPC-/ROS2/ros2_ws/install/py_pubsub_cs/share/py_pubsub_cs/hook/ament_prefix_path.sh'
[0.727s] INFO:colcon.colcon_core.shell:Skip shell extension 'powershell' for command environment: Not usable outside of PowerShell
[0.727s] DEBUG:colcon.colcon_core.shell:Skip shell extension 'dsv' for command environment
[0.876s] INFO:colcon.colcon_core.task.python.build:Building Python package in '/home/lavnir/PhD/git/ColaborativeMPC-/ROS2/ros2_ws/src/py_pubsub_cs'
[0.877s] INFO:colcon.colcon_core.shell:Skip shell extension 'powershell' for command environment: Not usable outside of PowerShell
[0.877s] DEBUG:colcon.colcon_core.shell:Skip shell extension 'dsv' for command environment
[0.884s] DEBUG:colcon.colcon_core.event_handler.log_command:Invoking command in '/home/lavnir/PhD/git/ColaborativeMPC-/ROS2/ros2_ws/src/planner_experiments': PYTHONPATH=/home/lavnir/PhD/git/ColaborativeMPC-/ROS2/ros2_ws/build/planner_experiments/prefix_override:/home/lavnir/PhD/git/ColaborativeMPC-/ROS2/ros2_ws/install/planner_experiments/lib/python3.10/site-packages:${PYTHONPATH} /usr/bin/python3 setup.py egg_info --egg-base ../../build/planner_experiments build --build-base /home/lavnir/PhD/git/ColaborativeMPC-/ROS2/ros2_ws/build/planner_experiments/build install --record /home/lavnir/PhD/git/ColaborativeMPC-/ROS2/ros2_ws/build/planner_experiments/install.log --single-version-externally-managed
[0.886s] DEBUG:colcon.colcon_core.event_handler.log_command:Invoking command in '/home/lavnir/PhD/git/ColaborativeMPC-/ROS2/ros2_ws/src/py_pubsub': PYTHONPATH=/home/lavnir/PhD/git/ColaborativeMPC-/ROS2/ros2_ws/build/py_pubsub/prefix_override:/home/lavnir/PhD/git/ColaborativeMPC-/ROS2/ros2_ws/install/py_pubsub/lib/python3.10/site-packages:${PYTHONPATH} /usr/bin/python3 setup.py egg_info --egg-base ../../build/py_pubsub build --build-base /home/lavnir/PhD/git/ColaborativeMPC-/ROS2/ros2_ws/build/py_pubsub/build install --record /home/lavnir/PhD/git/ColaborativeMPC-/ROS2/ros2_ws/build/py_pubsub/install.log --single-version-externally-managed
[1.050s] Level 1:colcon.colcon_core.environment:checking '/home/lavnir/PhD/git/ColaborativeMPC-/ROS2/ros2_ws/install/planner_experiments' for CMake module files
[1.050s] DEBUG:colcon.colcon_core.event_handler.log_command:Invoked command in '/home/lavnir/PhD/git/ColaborativeMPC-/ROS2/ros2_ws/src/planner_experiments' returned '0': PYTHONPATH=/home/lavnir/PhD/git/ColaborativeMPC-/ROS2/ros2_ws/build/planner_experiments/prefix_override:/home/lavnir/PhD/git/ColaborativeMPC-/ROS2/ros2_ws/install/planner_experiments/lib/python3.10/site-packages:${PYTHONPATH} /usr/bin/python3 setup.py egg_info --egg-base ../../build/planner_experiments build --build-base /home/lavnir/PhD/git/ColaborativeMPC-/ROS2/ros2_ws/build/planner_experiments/build install --record /home/lavnir/PhD/git/ColaborativeMPC-/ROS2/ros2_ws/build/planner_experiments/install.log --single-version-externally-managed
[1.051s] Level 1:colcon.colcon_core.environment:checking '/home/lavnir/PhD/git/ColaborativeMPC-/ROS2/ros2_ws/install/planner_experiments' for CMake config files
[1.051s] Level 1:colcon.colcon_core.environment:checking '/home/lavnir/PhD/git/ColaborativeMPC-/ROS2/ros2_ws/install/planner_experiments/lib'
[1.051s] Level 1:colcon.colcon_core.environment:checking '/home/lavnir/PhD/git/ColaborativeMPC-/ROS2/ros2_ws/install/planner_experiments/bin'
[1.051s] Level 1:colcon.colcon_core.environment:checking '/home/lavnir/PhD/git/ColaborativeMPC-/ROS2/ros2_ws/install/planner_experiments/lib/pkgconfig/planner_experiments.pc'
[1.051s] Level 1:colcon.colcon_core.environment:checking '/home/lavnir/PhD/git/ColaborativeMPC-/ROS2/ros2_ws/install/planner_experiments/lib/python3.10/site-packages'
[1.051s] Level 1:colcon.colcon_core.shell:create_environment_hook('planner_experiments', 'pythonpath')
[1.052s] INFO:colcon.colcon_core.shell:Creating environment hook '/home/lavnir/PhD/git/ColaborativeMPC-/ROS2/ros2_ws/install/planner_experiments/share/planner_experiments/hook/pythonpath.ps1'
[1.053s] INFO:colcon.colcon_core.shell:Creating environment descriptor '/home/lavnir/PhD/git/ColaborativeMPC-/ROS2/ros2_ws/install/planner_experiments/share/planner_experiments/hook/pythonpath.dsv'
[1.053s] INFO:colcon.colcon_core.shell:Creating environment hook '/home/lavnir/PhD/git/ColaborativeMPC-/ROS2/ros2_ws/install/planner_experiments/share/planner_experiments/hook/pythonpath.sh'
[1.053s] Level 1:colcon.colcon_core.environment:checking '/home/lavnir/PhD/git/ColaborativeMPC-/ROS2/ros2_ws/install/planner_experiments/bin'
[1.053s] Level 1:colcon.colcon_core.environment:create_environment_scripts_only(planner_experiments)
[1.054s] INFO:colcon.colcon_core.shell:Creating package script '/home/lavnir/PhD/git/ColaborativeMPC-/ROS2/ros2_ws/install/planner_experiments/share/planner_experiments/package.ps1'
[1.054s] INFO:colcon.colcon_core.shell:Creating package descriptor '/home/lavnir/PhD/git/ColaborativeMPC-/ROS2/ros2_ws/install/planner_experiments/share/planner_experiments/package.dsv'
[1.054s] INFO:colcon.colcon_core.shell:Creating package script '/home/lavnir/PhD/git/ColaborativeMPC-/ROS2/ros2_ws/install/planner_experiments/share/planner_experiments/package.sh'
[1.055s] INFO:colcon.colcon_core.shell:Creating package script '/home/lavnir/PhD/git/ColaborativeMPC-/ROS2/ros2_ws/install/planner_experiments/share/planner_experiments/package.bash'
[1.055s] INFO:colcon.colcon_core.shell:Creating package script '/home/lavnir/PhD/git/ColaborativeMPC-/ROS2/ros2_ws/install/planner_experiments/share/planner_experiments/package.zsh'
[1.055s] Level 1:colcon.colcon_core.environment:create_file_with_runtime_dependencies(/home/lavnir/PhD/git/ColaborativeMPC-/ROS2/ros2_ws/install/planner_experiments/share/colcon-core/packages/planner_experiments)
[1.057s] Level 1:colcon.colcon_core.environment:checking '/home/lavnir/PhD/git/ColaborativeMPC-/ROS2/ros2_ws/install/py_pubsub' for CMake module files
[1.057s] Level 1:colcon.colcon_core.environment:checking '/home/lavnir/PhD/git/ColaborativeMPC-/ROS2/ros2_ws/install/py_pubsub' for CMake config files
[1.057s] DEBUG:colcon.colcon_core.event_handler.log_command:Invoked command in '/home/lavnir/PhD/git/ColaborativeMPC-/ROS2/ros2_ws/src/py_pubsub' returned '0': PYTHONPATH=/home/lavnir/PhD/git/ColaborativeMPC-/ROS2/ros2_ws/build/py_pubsub/prefix_override:/home/lavnir/PhD/git/ColaborativeMPC-/ROS2/ros2_ws/install/py_pubsub/lib/python3.10/site-packages:${PYTHONPATH} /usr/bin/python3 setup.py egg_info --egg-base ../../build/py_pubsub build --build-base /home/lavnir/PhD/git/ColaborativeMPC-/ROS2/ros2_ws/build/py_pubsub/build install --record /home/lavnir/PhD/git/ColaborativeMPC-/ROS2/ros2_ws/build/py_pubsub/install.log --single-version-externally-managed
[1.058s] Level 1:colcon.colcon_core.environment:checking '/home/lavnir/PhD/git/ColaborativeMPC-/ROS2/ros2_ws/install/py_pubsub/lib'
[1.058s] Level 1:colcon.colcon_core.environment:checking '/home/lavnir/PhD/git/ColaborativeMPC-/ROS2/ros2_ws/install/py_pubsub/bin'
[1.058s] Level 1:colcon.colcon_core.environment:checking '/home/lavnir/PhD/git/ColaborativeMPC-/ROS2/ros2_ws/install/py_pubsub/lib/pkgconfig/py_pubsub.pc'
[1.058s] Level 1:colcon.colcon_core.environment:checking '/home/lavnir/PhD/git/ColaborativeMPC-/ROS2/ros2_ws/install/py_pubsub/lib/python3.10/site-packages'
[1.058s] Level 1:colcon.colcon_core.shell:create_environment_hook('py_pubsub', 'pythonpath')
[1.059s] INFO:colcon.colcon_core.shell:Creating environment hook '/home/lavnir/PhD/git/ColaborativeMPC-/ROS2/ros2_ws/install/py_pubsub/share/py_pubsub/hook/pythonpath.ps1'
[1.059s] INFO:colcon.colcon_core.shell:Creating environment descriptor '/home/lavnir/PhD/git/ColaborativeMPC-/ROS2/ros2_ws/install/py_pubsub/share/py_pubsub/hook/pythonpath.dsv'
[1.059s] INFO:colcon.colcon_core.shell:Creating environment hook '/home/lavnir/PhD/git/ColaborativeMPC-/ROS2/ros2_ws/install/py_pubsub/share/py_pubsub/hook/pythonpath.sh'
[1.059s] Level 1:colcon.colcon_core.environment:checking '/home/lavnir/PhD/git/ColaborativeMPC-/ROS2/ros2_ws/install/py_pubsub/bin'
[1.059s] Level 1:colcon.colcon_core.environment:create_environment_scripts_only(py_pubsub)
[1.060s] INFO:colcon.colcon_core.shell:Creating package script '/home/lavnir/PhD/git/ColaborativeMPC-/ROS2/ros2_ws/install/py_pubsub/share/py_pubsub/package.ps1'
[1.061s] INFO:colcon.colcon_core.shell:Creating package descriptor '/home/lavnir/PhD/git/ColaborativeMPC-/ROS2/ros2_ws/install/py_pubsub/share/py_pubsub/package.dsv'
[1.061s] INFO:colcon.colcon_core.shell:Creating package script '/home/lavnir/PhD/git/ColaborativeMPC-/ROS2/ros2_ws/install/py_pubsub/share/py_pubsub/package.sh'
[1.061s] INFO:colcon.colcon_core.shell:Creating package script '/home/lavnir/PhD/git/ColaborativeMPC-/ROS2/ros2_ws/install/py_pubsub/share/py_pubsub/package.bash'
[1.061s] INFO:colcon.colcon_core.shell:Creating package script '/home/lavnir/PhD/git/ColaborativeMPC-/ROS2/ros2_ws/install/py_pubsub/share/py_pubsub/package.zsh'
[1.061s] Level 1:colcon.colcon_core.environment:create_file_with_runtime_dependencies(/home/lavnir/PhD/git/ColaborativeMPC-/ROS2/ros2_ws/install/py_pubsub/share/colcon-core/packages/py_pubsub)
[1.069s] DEBUG:colcon.colcon_core.event_handler.log_command:Invoking command in '/home/lavnir/PhD/git/ColaborativeMPC-/ROS2/ros2_ws/src/py_pubsub_cs': PYTHONPATH=/home/lavnir/PhD/git/ColaborativeMPC-/ROS2/ros2_ws/build/py_pubsub_cs/prefix_override:/home/lavnir/PhD/git/ColaborativeMPC-/ROS2/ros2_ws/install/py_pubsub_cs/lib/python3.10/site-packages:${PYTHONPATH} /usr/bin/python3 setup.py egg_info --egg-base ../../build/py_pubsub_cs build --build-base /home/lavnir/PhD/git/ColaborativeMPC-/ROS2/ros2_ws/build/py_pubsub_cs/build install --record /home/lavnir/PhD/git/ColaborativeMPC-/ROS2/ros2_ws/build/py_pubsub_cs/install.log --single-version-externally-managed
[1.233s] Level 1:colcon.colcon_core.environment:checking '/home/lavnir/PhD/git/ColaborativeMPC-/ROS2/ros2_ws/install/py_pubsub_cs' for CMake module files
[1.234s] DEBUG:colcon.colcon_core.event_handler.log_command:Invoked command in '/home/lavnir/PhD/git/ColaborativeMPC-/ROS2/ros2_ws/src/py_pubsub_cs' returned '0': PYTHONPATH=/home/lavnir/PhD/git/ColaborativeMPC-/ROS2/ros2_ws/build/py_pubsub_cs/prefix_override:/home/lavnir/PhD/git/ColaborativeMPC-/ROS2/ros2_ws/install/py_pubsub_cs/lib/python3.10/site-packages:${PYTHONPATH} /usr/bin/python3 setup.py egg_info --egg-base ../../build/py_pubsub_cs build --build-base /home/lavnir/PhD/git/ColaborativeMPC-/ROS2/ros2_ws/build/py_pubsub_cs/build install --record /home/lavnir/PhD/git/ColaborativeMPC-/ROS2/ros2_ws/build/py_pubsub_cs/install.log --single-version-externally-managed
[1.234s] Level 1:colcon.colcon_core.environment:checking '/home/lavnir/PhD/git/ColaborativeMPC-/ROS2/ros2_ws/install/py_pubsub_cs' for CMake config files
[1.234s] Level 1:colcon.colcon_core.environment:checking '/home/lavnir/PhD/git/ColaborativeMPC-/ROS2/ros2_ws/install/py_pubsub_cs/lib'
[1.234s] Level 1:colcon.colcon_core.environment:checking '/home/lavnir/PhD/git/ColaborativeMPC-/ROS2/ros2_ws/install/py_pubsub_cs/bin'
[1.235s] Level 1:colcon.colcon_core.environment:checking '/home/lavnir/PhD/git/ColaborativeMPC-/ROS2/ros2_ws/install/py_pubsub_cs/lib/pkgconfig/py_pubsub_cs.pc'
[1.235s] Level 1:colcon.colcon_core.environment:checking '/home/lavnir/PhD/git/ColaborativeMPC-/ROS2/ros2_ws/install/py_pubsub_cs/lib/python3.10/site-packages'
[1.235s] Level 1:colcon.colcon_core.shell:create_environment_hook('py_pubsub_cs', 'pythonpath')
[1.236s] INFO:colcon.colcon_core.shell:Creating environment hook '/home/lavnir/PhD/git/ColaborativeMPC-/ROS2/ros2_ws/install/py_pubsub_cs/share/py_pubsub_cs/hook/pythonpath.ps1'
[1.236s] INFO:colcon.colcon_core.shell:Creating environment descriptor '/home/lavnir/PhD/git/ColaborativeMPC-/ROS2/ros2_ws/install/py_pubsub_cs/share/py_pubsub_cs/hook/pythonpath.dsv'
[1.236s] INFO:colcon.colcon_core.shell:Creating environment hook '/home/lavnir/PhD/git/ColaborativeMPC-/ROS2/ros2_ws/install/py_pubsub_cs/share/py_pubsub_cs/hook/pythonpath.sh'
[1.236s] Level 1:colcon.colcon_core.environment:checking '/home/lavnir/PhD/git/ColaborativeMPC-/ROS2/ros2_ws/install/py_pubsub_cs/bin'
[1.236s] Level 1:colcon.colcon_core.environment:create_environment_scripts_only(py_pubsub_cs)
[1.237s] INFO:colcon.colcon_core.shell:Creating package script '/home/lavnir/PhD/git/ColaborativeMPC-/ROS2/ros2_ws/install/py_pubsub_cs/share/py_pubsub_cs/package.ps1'
[1.237s] INFO:colcon.colcon_core.shell:Creating package descriptor '/home/lavnir/PhD/git/ColaborativeMPC-/ROS2/ros2_ws/install/py_pubsub_cs/share/py_pubsub_cs/package.dsv'
[1.238s] INFO:colcon.colcon_core.shell:Creating package script '/home/lavnir/PhD/git/ColaborativeMPC-/ROS2/ros2_ws/install/py_pubsub_cs/share/py_pubsub_cs/package.sh'
[1.238s] INFO:colcon.colcon_core.shell:Creating package script '/home/lavnir/PhD/git/ColaborativeMPC-/ROS2/ros2_ws/install/py_pubsub_cs/share/py_pubsub_cs/package.bash'
[1.238s] INFO:colcon.colcon_core.shell:Creating package script '/home/lavnir/PhD/git/ColaborativeMPC-/ROS2/ros2_ws/install/py_pubsub_cs/share/py_pubsub_cs/package.zsh'
[1.238s] Level 1:colcon.colcon_core.environment:create_file_with_runtime_dependencies(/home/lavnir/PhD/git/ColaborativeMPC-/ROS2/ros2_ws/install/py_pubsub_cs/share/colcon-core/packages/py_pubsub_cs)
[1.238s] DEBUG:colcon.colcon_parallel_executor.executor.parallel:closing loop
[1.238s] DEBUG:colcon.colcon_parallel_executor.executor.parallel:loop closed
[1.239s] DEBUG:colcon.colcon_parallel_executor.executor.parallel:run_until_complete finished with '0'
[1.239s] DEBUG:colcon.colcon_core.event_reactor:joining thread
[1.242s] INFO:colcon.colcon_core.plugin_system:Skipping extension 'colcon_notification.desktop_notification.terminal_notifier': Not used on non-Darwin systems
[1.242s] INFO:colcon.colcon_core.plugin_system:Skipping extension 'colcon_notification.desktop_notification.win32': Not used on non-Windows systems
[1.242s] INFO:colcon.colcon_notification.desktop_notification:Sending desktop notification using 'notify2'
[1.249s] DEBUG:colcon.colcon_core.event_reactor:joined thread
[1.250s] INFO:colcon.colcon_core.shell:Creating prefix script '/home/lavnir/PhD/git/ColaborativeMPC-/ROS2/ros2_ws/install/local_setup.ps1'
[1.251s] INFO:colcon.colcon_core.shell:Creating prefix util module '/home/lavnir/PhD/git/ColaborativeMPC-/ROS2/ros2_ws/install/_local_setup_util_ps1.py'
[1.251s] INFO:colcon.colcon_core.shell:Creating prefix chain script '/home/lavnir/PhD/git/ColaborativeMPC-/ROS2/ros2_ws/install/setup.ps1'
[1.252s] INFO:colcon.colcon_core.shell:Creating prefix script '/home/lavnir/PhD/git/ColaborativeMPC-/ROS2/ros2_ws/install/local_setup.sh'
[1.252s] INFO:colcon.colcon_core.shell:Creating prefix util module '/home/lavnir/PhD/git/ColaborativeMPC-/ROS2/ros2_ws/install/_local_setup_util_sh.py'
[1.253s] INFO:colcon.colcon_core.shell:Creating prefix chain script '/home/lavnir/PhD/git/ColaborativeMPC-/ROS2/ros2_ws/install/setup.sh'
[1.253s] INFO:colcon.colcon_core.shell:Creating prefix script '/home/lavnir/PhD/git/ColaborativeMPC-/ROS2/ros2_ws/install/local_setup.bash'
[1.254s] INFO:colcon.colcon_core.shell:Creating prefix chain script '/home/lavnir/PhD/git/ColaborativeMPC-/ROS2/ros2_ws/install/setup.bash'
[1.254s] INFO:colcon.colcon_core.shell:Creating prefix script '/home/lavnir/PhD/git/ColaborativeMPC-/ROS2/ros2_ws/install/local_setup.zsh'
[1.255s] INFO:colcon.colcon_core.shell:Creating prefix chain script '/home/lavnir/PhD/git/ColaborativeMPC-/ROS2/ros2_ws/install/setup.zsh'
