[0.017s] Invoking command in '/home/lavnir/PhD/git/ColaborativeMPC-/ROS2/ros2_ws/build/tutorial_interfaces': CMAKE_PREFIX_PATH=${CMAKE_PREFIX_PATH}:/home/lavnir/PhD/git/ColaborativeMPC-/ROS2/ros2_ws/install/py_pubsub_cs:/home/lavnir/PhD/git/ColaborativeMPC-/ROS2/ros2_ws/install/py_pubsub:/home/lavnir/PhD/git/ColaborativeMPC-/ROS2/ros2_ws/install/planner_experiments:/opt/ros/humble /usr/bin/cmake --build /home/lavnir/PhD/git/ColaborativeMPC-/ROS2/ros2_ws/build/tutorial_interfaces -- -j20 -l20
[0.168s] [  2%] Built target tutorial_interfaces__cpp
[0.168s] [ 12%] Built target tutorial_interfaces__rosidl_generator_c
[0.168s] [ 12%] Built target ament_cmake_python_copy_tutorial_interfaces
[0.168s] [ 23%] Built target tutorial_interfaces__rosidl_typesupport_fastrtps_cpp
[0.168s] [ 33%] Built target tutorial_interfaces__rosidl_typesupport_cpp
[0.168s] [ 43%] Built target tutorial_interfaces__rosidl_typesupport_introspection_cpp
[0.169s] [ 53%] Built target tutorial_interfaces__rosidl_typesupport_fastrtps_c
[0.169s] [ 64%] Built target tutorial_interfaces__rosidl_typesupport_c
[0.169s] [ 74%] Built target tutorial_interfaces__rosidl_typesupport_introspection_c
[0.169s] [ 74%] Built target tutorial_interfaces
[0.169s] [ 76%] Built target tutorial_interfaces__py
[0.169s] [ 84%] Built target tutorial_interfaces__rosidl_generator_py
[0.169s] [ 97%] Built target tutorial_interfaces__rosidl_typesupport_introspection_c__pyext
[0.169s] [100%] Built target tutorial_interfaces__rosidl_typesupport_c__pyext
[0.169s] [100%] Built target tutorial_interfaces__rosidl_typesupport_fastrtps_c__pyext
[0.191s] running egg_info
[0.192s] writing tutorial_interfaces.egg-info/PKG-INFO
[0.192s] writing dependency_links to tutorial_interfaces.egg-info/dependency_links.txt
[0.192s] writing top-level names to tutorial_interfaces.egg-info/top_level.txt
[0.193s] reading manifest file 'tutorial_interfaces.egg-info/SOURCES.txt'
[0.193s] writing manifest file 'tutorial_interfaces.egg-info/SOURCES.txt'
[0.210s] [100%] Built target ament_cmake_python_build_tutorial_interfaces_egg
